{"/Users/anierbeck/git/pi-model-router-fork/index.ts": {"path":"/Users/anierbeck/git/pi-model-router-fork/index.ts","all":true,"statementMap":{"18":{"start":{"line":19,"column":0},"end":{"line":19,"column":8}},"23":{"start":{"line":24,"column":0},"end":{"line":24,"column":41}},"24":{"start":{"line":25,"column":0},"end":{"line":25,"column":55}},"25":{"start":{"line":26,"column":0},"end":{"line":26,"column":30}},"26":{"start":{"line":27,"column":0},"end":{"line":27,"column":34}},"27":{"start":{"line":28,"column":0},"end":{"line":28,"column":34}},"28":{"start":{"line":29,"column":0},"end":{"line":29,"column":41}},"29":{"start":{"line":30,"column":0},"end":{"line":30,"column":24}},"32":{"start":{"line":33,"column":0},"end":{"line":33,"column":69}},"33":{"start":{"line":34,"column":0},"end":{"line":34,"column":82}},"34":{"start":{"line":35,"column":0},"end":{"line":35,"column":55}},"35":{"start":{"line":36,"column":0},"end":{"line":36,"column":54}},"36":{"start":{"line":37,"column":0},"end":{"line":37,"column":50}},"37":{"start":{"line":38,"column":0},"end":{"line":38,"column":46}},"38":{"start":{"line":39,"column":0},"end":{"line":39,"column":42}},"39":{"start":{"line":40,"column":0},"end":{"line":40,"column":104}},"40":{"start":{"line":41,"column":0},"end":{"line":41,"column":8}},"43":{"start":{"line":44,"column":0},"end":{"line":44,"column":52}},"45":{"start":{"line":46,"column":0},"end":{"line":46,"column":49}},"46":{"start":{"line":47,"column":0},"end":{"line":47,"column":61}},"47":{"start":{"line":48,"column":0},"end":{"line":48,"column":68}},"48":{"start":{"line":49,"column":0},"end":{"line":49,"column":1}},"50":{"start":{"line":51,"column":0},"end":{"line":51,"column":77}},"51":{"start":{"line":52,"column":0},"end":{"line":52,"column":65}},"52":{"start":{"line":53,"column":0},"end":{"line":53,"column":47}},"53":{"start":{"line":54,"column":0},"end":{"line":54,"column":50}},"54":{"start":{"line":55,"column":0},"end":{"line":55,"column":43}},"55":{"start":{"line":56,"column":0},"end":{"line":56,"column":70}},"56":{"start":{"line":57,"column":0},"end":{"line":57,"column":40}},"60":{"start":{"line":61,"column":0},"end":{"line":61,"column":51}},"61":{"start":{"line":62,"column":0},"end":{"line":62,"column":62}},"62":{"start":{"line":63,"column":0},"end":{"line":63,"column":58}},"64":{"start":{"line":65,"column":0},"end":{"line":65,"column":50}},"65":{"start":{"line":66,"column":0},"end":{"line":66,"column":18}},"66":{"start":{"line":67,"column":0},"end":{"line":67,"column":78}},"67":{"start":{"line":68,"column":0},"end":{"line":68,"column":24}},"68":{"start":{"line":69,"column":0},"end":{"line":69,"column":41}},"69":{"start":{"line":70,"column":0},"end":{"line":70,"column":41}},"70":{"start":{"line":71,"column":0},"end":{"line":71,"column":33}},"71":{"start":{"line":72,"column":0},"end":{"line":72,"column":21}},"72":{"start":{"line":73,"column":0},"end":{"line":73,"column":42}},"73":{"start":{"line":74,"column":0},"end":{"line":74,"column":23}},"74":{"start":{"line":75,"column":0},"end":{"line":75,"column":32}},"75":{"start":{"line":76,"column":0},"end":{"line":76,"column":20}},"76":{"start":{"line":77,"column":0},"end":{"line":77,"column":20}},"77":{"start":{"line":78,"column":0},"end":{"line":78,"column":40}},"78":{"start":{"line":79,"column":0},"end":{"line":79,"column":28}},"79":{"start":{"line":80,"column":0},"end":{"line":80,"column":29}},"83":{"start":{"line":84,"column":0},"end":{"line":84,"column":36}},"84":{"start":{"line":85,"column":0},"end":{"line":85,"column":24}},"86":{"start":{"line":87,"column":0},"end":{"line":87,"column":37}},"87":{"start":{"line":88,"column":0},"end":{"line":88,"column":69}},"88":{"start":{"line":89,"column":0},"end":{"line":89,"column":57}},"89":{"start":{"line":90,"column":0},"end":{"line":90,"column":27}},"90":{"start":{"line":91,"column":0},"end":{"line":91,"column":39}},"91":{"start":{"line":92,"column":0},"end":{"line":92,"column":3}},"97":{"start":{"line":98,"column":0},"end":{"line":98,"column":30}},"98":{"start":{"line":99,"column":0},"end":{"line":99,"column":74}},"100":{"start":{"line":101,"column":0},"end":{"line":101,"column":27}},"101":{"start":{"line":102,"column":0},"end":{"line":102,"column":56}},"102":{"start":{"line":103,"column":0},"end":{"line":103,"column":9}},"103":{"start":{"line":104,"column":0},"end":{"line":104,"column":97}},"104":{"start":{"line":105,"column":0},"end":{"line":105,"column":20}},"105":{"start":{"line":106,"column":0},"end":{"line":106,"column":29}},"106":{"start":{"line":107,"column":0},"end":{"line":107,"column":54}},"107":{"start":{"line":108,"column":0},"end":{"line":108,"column":62}},"108":{"start":{"line":109,"column":0},"end":{"line":109,"column":32}},"109":{"start":{"line":110,"column":0},"end":{"line":110,"column":59}},"110":{"start":{"line":111,"column":0},"end":{"line":111,"column":16}},"111":{"start":{"line":112,"column":0},"end":{"line":112,"column":31}},"112":{"start":{"line":113,"column":0},"end":{"line":113,"column":9}},"113":{"start":{"line":114,"column":0},"end":{"line":114,"column":7}},"115":{"start":{"line":116,"column":0},"end":{"line":116,"column":66}},"116":{"start":{"line":117,"column":0},"end":{"line":117,"column":13}},"118":{"start":{"line":119,"column":0},"end":{"line":119,"column":5}},"119":{"start":{"line":120,"column":0},"end":{"line":120,"column":3}},"122":{"start":{"line":123,"column":0},"end":{"line":123,"column":47}},"123":{"start":{"line":124,"column":0},"end":{"line":124,"column":31}},"124":{"start":{"line":125,"column":0},"end":{"line":125,"column":29}},"125":{"start":{"line":126,"column":0},"end":{"line":126,"column":33}},"126":{"start":{"line":127,"column":0},"end":{"line":127,"column":78}},"127":{"start":{"line":128,"column":0},"end":{"line":128,"column":15}},"128":{"start":{"line":129,"column":0},"end":{"line":129,"column":3}},"131":{"start":{"line":132,"column":0},"end":{"line":132,"column":62}},"132":{"start":{"line":133,"column":0},"end":{"line":133,"column":39}},"134":{"start":{"line":135,"column":0},"end":{"line":135,"column":54}},"136":{"start":{"line":137,"column":0},"end":{"line":137,"column":53}},"137":{"start":{"line":138,"column":0},"end":{"line":138,"column":50}},"138":{"start":{"line":139,"column":0},"end":{"line":139,"column":5}},"139":{"start":{"line":140,"column":0},"end":{"line":140,"column":35}},"140":{"start":{"line":141,"column":0},"end":{"line":141,"column":3}},"145":{"start":{"line":146,"column":0},"end":{"line":146,"column":26}},"146":{"start":{"line":147,"column":0},"end":{"line":147,"column":32}},"147":{"start":{"line":148,"column":0},"end":{"line":148,"column":33}},"148":{"start":{"line":149,"column":0},"end":{"line":149,"column":16}},"149":{"start":{"line":150,"column":0},"end":{"line":150,"column":21}},"150":{"start":{"line":151,"column":0},"end":{"line":151,"column":17}},"151":{"start":{"line":152,"column":0},"end":{"line":152,"column":16}},"152":{"start":{"line":153,"column":0},"end":{"line":153,"column":18}},"153":{"start":{"line":154,"column":0},"end":{"line":154,"column":19}},"154":{"start":{"line":155,"column":0},"end":{"line":155,"column":18}},"155":{"start":{"line":156,"column":0},"end":{"line":156,"column":4}},"158":{"start":{"line":159,"column":0},"end":{"line":159,"column":47}},"159":{"start":{"line":160,"column":0},"end":{"line":160,"column":24}},"160":{"start":{"line":161,"column":0},"end":{"line":161,"column":37}},"161":{"start":{"line":162,"column":0},"end":{"line":162,"column":69}},"162":{"start":{"line":163,"column":0},"end":{"line":163,"column":59}},"163":{"start":{"line":164,"column":0},"end":{"line":164,"column":57}},"164":{"start":{"line":165,"column":0},"end":{"line":165,"column":27}},"165":{"start":{"line":166,"column":0},"end":{"line":166,"column":49}},"166":{"start":{"line":167,"column":0},"end":{"line":167,"column":3}},"169":{"start":{"line":170,"column":0},"end":{"line":170,"column":53}},"170":{"start":{"line":171,"column":0},"end":{"line":171,"column":24}},"171":{"start":{"line":172,"column":0},"end":{"line":172,"column":28}},"173":{"start":{"line":174,"column":0},"end":{"line":174,"column":31}},"174":{"start":{"line":175,"column":0},"end":{"line":175,"column":28}},"175":{"start":{"line":176,"column":0},"end":{"line":176,"column":57}},"176":{"start":{"line":177,"column":0},"end":{"line":177,"column":57}},"177":{"start":{"line":178,"column":0},"end":{"line":178,"column":44}},"178":{"start":{"line":179,"column":0},"end":{"line":179,"column":82}},"179":{"start":{"line":180,"column":0},"end":{"line":180,"column":5}},"180":{"start":{"line":181,"column":0},"end":{"line":181,"column":37}},"181":{"start":{"line":182,"column":0},"end":{"line":182,"column":3}},"183":{"start":{"line":184,"column":0},"end":{"line":184,"column":49}},"185":{"start":{"line":186,"column":0},"end":{"line":186,"column":33}},"186":{"start":{"line":187,"column":0},"end":{"line":187,"column":60}},"187":{"start":{"line":188,"column":0},"end":{"line":188,"column":31}},"189":{"start":{"line":190,"column":0},"end":{"line":190,"column":65}},"190":{"start":{"line":191,"column":0},"end":{"line":191,"column":59}},"191":{"start":{"line":192,"column":0},"end":{"line":192,"column":43}},"192":{"start":{"line":193,"column":0},"end":{"line":193,"column":5}},"194":{"start":{"line":195,"column":0},"end":{"line":195,"column":63}},"195":{"start":{"line":196,"column":0},"end":{"line":196,"column":53}},"196":{"start":{"line":197,"column":0},"end":{"line":197,"column":41}},"197":{"start":{"line":198,"column":0},"end":{"line":198,"column":3}},"199":{"start":{"line":200,"column":0},"end":{"line":200,"column":27}},"200":{"start":{"line":201,"column":0},"end":{"line":201,"column":59}},"201":{"start":{"line":202,"column":0},"end":{"line":202,"column":3}},"203":{"start":{"line":204,"column":0},"end":{"line":204,"column":32}},"204":{"start":{"line":205,"column":0},"end":{"line":205,"column":36}},"205":{"start":{"line":206,"column":0},"end":{"line":206,"column":31}},"206":{"start":{"line":207,"column":0},"end":{"line":207,"column":33}},"207":{"start":{"line":208,"column":0},"end":{"line":208,"column":18}},"208":{"start":{"line":209,"column":0},"end":{"line":209,"column":52}},"209":{"start":{"line":210,"column":0},"end":{"line":210,"column":67}},"210":{"start":{"line":211,"column":0},"end":{"line":211,"column":3}},"214":{"start":{"line":215,"column":0},"end":{"line":215,"column":19}},"216":{"start":{"line":217,"column":0},"end":{"line":217,"column":62}},"219":{"start":{"line":220,"column":0},"end":{"line":220,"column":78}},"220":{"start":{"line":221,"column":0},"end":{"line":221,"column":34}},"222":{"start":{"line":223,"column":0},"end":{"line":223,"column":9}},"223":{"start":{"line":224,"column":0},"end":{"line":224,"column":45}},"224":{"start":{"line":225,"column":0},"end":{"line":225,"column":83}},"226":{"start":{"line":227,"column":0},"end":{"line":227,"column":61}},"227":{"start":{"line":228,"column":0},"end":{"line":228,"column":27}},"228":{"start":{"line":229,"column":0},"end":{"line":229,"column":35}},"229":{"start":{"line":230,"column":0},"end":{"line":230,"column":9}},"230":{"start":{"line":231,"column":0},"end":{"line":231,"column":7}},"231":{"start":{"line":232,"column":0},"end":{"line":232,"column":21}},"232":{"start":{"line":233,"column":0},"end":{"line":233,"column":106}},"233":{"start":{"line":234,"column":0},"end":{"line":234,"column":5}},"236":{"start":{"line":237,"column":0},"end":{"line":237,"column":29}},"237":{"start":{"line":238,"column":0},"end":{"line":238,"column":22}},"238":{"start":{"line":239,"column":0},"end":{"line":239,"column":5}},"241":{"start":{"line":242,"column":0},"end":{"line":242,"column":35}},"242":{"start":{"line":243,"column":0},"end":{"line":243,"column":54}},"243":{"start":{"line":244,"column":0},"end":{"line":244,"column":22}},"244":{"start":{"line":245,"column":0},"end":{"line":245,"column":5}},"247":{"start":{"line":248,"column":0},"end":{"line":248,"column":50}},"248":{"start":{"line":249,"column":0},"end":{"line":249,"column":48}},"249":{"start":{"line":250,"column":0},"end":{"line":250,"column":22}},"250":{"start":{"line":251,"column":0},"end":{"line":251,"column":5}},"252":{"start":{"line":253,"column":0},"end":{"line":253,"column":91}},"253":{"start":{"line":254,"column":0},"end":{"line":254,"column":56}},"254":{"start":{"line":255,"column":0},"end":{"line":255,"column":33}},"255":{"start":{"line":256,"column":0},"end":{"line":256,"column":44}},"256":{"start":{"line":257,"column":0},"end":{"line":257,"column":66}},"257":{"start":{"line":258,"column":0},"end":{"line":258,"column":34}},"258":{"start":{"line":259,"column":0},"end":{"line":259,"column":3}},"260":{"start":{"line":261,"column":0},"end":{"line":261,"column":24}},"261":{"start":{"line":262,"column":0},"end":{"line":262,"column":37}},"262":{"start":{"line":263,"column":0},"end":{"line":263,"column":34}},"263":{"start":{"line":264,"column":0},"end":{"line":264,"column":3}},"265":{"start":{"line":266,"column":0},"end":{"line":266,"column":24}},"266":{"start":{"line":267,"column":0},"end":{"line":267,"column":34}},"267":{"start":{"line":268,"column":0},"end":{"line":268,"column":3}},"271":{"start":{"line":272,"column":0},"end":{"line":272,"column":33}},"272":{"start":{"line":273,"column":0},"end":{"line":273,"column":42}},"273":{"start":{"line":274,"column":0},"end":{"line":274,"column":40}},"274":{"start":{"line":275,"column":0},"end":{"line":275,"column":3}},"282":{"start":{"line":283,"column":0},"end":{"line":283,"column":70}},"283":{"start":{"line":284,"column":0},"end":{"line":284,"column":46}},"287":{"start":{"line":288,"column":0},"end":{"line":288,"column":86}},"289":{"start":{"line":290,"column":0},"end":{"line":290,"column":26}},"290":{"start":{"line":291,"column":0},"end":{"line":291,"column":11}},"291":{"start":{"line":292,"column":0},"end":{"line":292,"column":58}},"292":{"start":{"line":293,"column":0},"end":{"line":293,"column":22}},"294":{"start":{"line":295,"column":0},"end":{"line":295,"column":65}},"296":{"start":{"line":297,"column":0},"end":{"line":297,"column":84}},"297":{"start":{"line":298,"column":0},"end":{"line":298,"column":39}},"298":{"start":{"line":299,"column":0},"end":{"line":299,"column":36}},"301":{"start":{"line":302,"column":0},"end":{"line":302,"column":60}},"302":{"start":{"line":303,"column":0},"end":{"line":303,"column":25}},"303":{"start":{"line":304,"column":0},"end":{"line":304,"column":99}},"304":{"start":{"line":305,"column":0},"end":{"line":305,"column":41}},"305":{"start":{"line":306,"column":0},"end":{"line":306,"column":13}},"306":{"start":{"line":307,"column":0},"end":{"line":307,"column":20}},"307":{"start":{"line":308,"column":0},"end":{"line":308,"column":11}},"308":{"start":{"line":309,"column":0},"end":{"line":309,"column":9}},"310":{"start":{"line":311,"column":0},"end":{"line":311,"column":22}},"311":{"start":{"line":312,"column":0},"end":{"line":312,"column":19}},"313":{"start":{"line":314,"column":0},"end":{"line":314,"column":7}},"314":{"start":{"line":315,"column":0},"end":{"line":315,"column":5}},"318":{"start":{"line":319,"column":0},"end":{"line":319,"column":47}},"319":{"start":{"line":320,"column":0},"end":{"line":320,"column":86}},"320":{"start":{"line":321,"column":0},"end":{"line":321,"column":11}},"321":{"start":{"line":322,"column":0},"end":{"line":322,"column":38}},"322":{"start":{"line":323,"column":0},"end":{"line":323,"column":18}},"323":{"start":{"line":324,"column":0},"end":{"line":324,"column":31}},"324":{"start":{"line":325,"column":0},"end":{"line":325,"column":61}},"325":{"start":{"line":326,"column":0},"end":{"line":326,"column":7}},"326":{"start":{"line":327,"column":0},"end":{"line":327,"column":5}},"328":{"start":{"line":329,"column":0},"end":{"line":329,"column":86}},"329":{"start":{"line":330,"column":0},"end":{"line":330,"column":10}},"330":{"start":{"line":331,"column":0},"end":{"line":331,"column":23}},"331":{"start":{"line":332,"column":0},"end":{"line":332,"column":38}},"332":{"start":{"line":333,"column":0},"end":{"line":333,"column":75}},"333":{"start":{"line":334,"column":0},"end":{"line":334,"column":77}},"334":{"start":{"line":335,"column":0},"end":{"line":335,"column":70}},"335":{"start":{"line":336,"column":0},"end":{"line":336,"column":26}},"336":{"start":{"line":337,"column":0},"end":{"line":337,"column":31}},"337":{"start":{"line":338,"column":0},"end":{"line":338,"column":29}},"338":{"start":{"line":339,"column":0},"end":{"line":339,"column":67}},"339":{"start":{"line":340,"column":0},"end":{"line":340,"column":19}},"340":{"start":{"line":341,"column":0},"end":{"line":341,"column":5}},"342":{"start":{"line":343,"column":0},"end":{"line":343,"column":18}},"343":{"start":{"line":344,"column":0},"end":{"line":344,"column":3}},"345":{"start":{"line":346,"column":0},"end":{"line":346,"column":27}},"346":{"start":{"line":347,"column":0},"end":{"line":347,"column":16}},"347":{"start":{"line":348,"column":0},"end":{"line":348,"column":67}},"348":{"start":{"line":349,"column":0},"end":{"line":349,"column":19}},"349":{"start":{"line":350,"column":0},"end":{"line":350,"column":34}},"350":{"start":{"line":351,"column":0},"end":{"line":351,"column":73}},"351":{"start":{"line":352,"column":0},"end":{"line":352,"column":61}},"352":{"start":{"line":353,"column":0},"end":{"line":353,"column":7}},"353":{"start":{"line":354,"column":0},"end":{"line":354,"column":68}},"354":{"start":{"line":355,"column":0},"end":{"line":355,"column":22}},"355":{"start":{"line":356,"column":0},"end":{"line":356,"column":3}},"357":{"start":{"line":358,"column":0},"end":{"line":358,"column":38}},"358":{"start":{"line":359,"column":0},"end":{"line":359,"column":25}},"359":{"start":{"line":360,"column":0},"end":{"line":360,"column":20}},"360":{"start":{"line":361,"column":0},"end":{"line":361,"column":9}},"361":{"start":{"line":362,"column":0},"end":{"line":362,"column":43}},"362":{"start":{"line":363,"column":0},"end":{"line":363,"column":13}},"363":{"start":{"line":364,"column":0},"end":{"line":364,"column":47}},"364":{"start":{"line":365,"column":0},"end":{"line":365,"column":53}},"365":{"start":{"line":366,"column":0},"end":{"line":366,"column":48}},"366":{"start":{"line":367,"column":0},"end":{"line":367,"column":13}},"367":{"start":{"line":368,"column":0},"end":{"line":368,"column":76}},"368":{"start":{"line":369,"column":0},"end":{"line":369,"column":51}},"370":{"start":{"line":371,"column":0},"end":{"line":371,"column":43}},"371":{"start":{"line":372,"column":0},"end":{"line":372,"column":35}},"372":{"start":{"line":373,"column":0},"end":{"line":373,"column":28}},"373":{"start":{"line":374,"column":0},"end":{"line":374,"column":41}},"374":{"start":{"line":375,"column":0},"end":{"line":375,"column":40}},"375":{"start":{"line":376,"column":0},"end":{"line":376,"column":18}},"376":{"start":{"line":377,"column":0},"end":{"line":377,"column":92}},"377":{"start":{"line":378,"column":0},"end":{"line":378,"column":11}},"378":{"start":{"line":379,"column":0},"end":{"line":379,"column":17}},"380":{"start":{"line":381,"column":0},"end":{"line":381,"column":9}},"381":{"start":{"line":382,"column":0},"end":{"line":382,"column":7}},"382":{"start":{"line":383,"column":0},"end":{"line":383,"column":37}},"383":{"start":{"line":384,"column":0},"end":{"line":384,"column":62}},"384":{"start":{"line":385,"column":0},"end":{"line":385,"column":19}},"386":{"start":{"line":387,"column":0},"end":{"line":387,"column":72}},"387":{"start":{"line":388,"column":0},"end":{"line":388,"column":20}},"388":{"start":{"line":389,"column":0},"end":{"line":389,"column":90}},"389":{"start":{"line":390,"column":0},"end":{"line":390,"column":8}},"390":{"start":{"line":391,"column":0},"end":{"line":391,"column":58}},"391":{"start":{"line":392,"column":0},"end":{"line":392,"column":53}},"392":{"start":{"line":393,"column":0},"end":{"line":393,"column":50}},"393":{"start":{"line":394,"column":0},"end":{"line":394,"column":15}},"394":{"start":{"line":395,"column":0},"end":{"line":395,"column":73}},"395":{"start":{"line":396,"column":0},"end":{"line":396,"column":59}},"396":{"start":{"line":397,"column":0},"end":{"line":397,"column":43}},"397":{"start":{"line":398,"column":0},"end":{"line":398,"column":96}},"398":{"start":{"line":399,"column":0},"end":{"line":399,"column":49}},"399":{"start":{"line":400,"column":0},"end":{"line":400,"column":53}},"400":{"start":{"line":401,"column":0},"end":{"line":401,"column":41}},"401":{"start":{"line":402,"column":0},"end":{"line":402,"column":45}},"402":{"start":{"line":403,"column":0},"end":{"line":403,"column":62}},"403":{"start":{"line":404,"column":0},"end":{"line":404,"column":61}},"404":{"start":{"line":405,"column":0},"end":{"line":405,"column":15}},"405":{"start":{"line":406,"column":0},"end":{"line":406,"column":13}},"406":{"start":{"line":407,"column":0},"end":{"line":407,"column":47}},"407":{"start":{"line":408,"column":0},"end":{"line":408,"column":20}},"408":{"start":{"line":409,"column":0},"end":{"line":409,"column":9}},"409":{"start":{"line":410,"column":0},"end":{"line":410,"column":54}},"410":{"start":{"line":411,"column":0},"end":{"line":411,"column":15}},"411":{"start":{"line":412,"column":0},"end":{"line":412,"column":100}},"412":{"start":{"line":413,"column":0},"end":{"line":413,"column":78}},"413":{"start":{"line":414,"column":0},"end":{"line":414,"column":45}},"414":{"start":{"line":415,"column":0},"end":{"line":415,"column":43}},"415":{"start":{"line":416,"column":0},"end":{"line":416,"column":59}},"416":{"start":{"line":417,"column":0},"end":{"line":417,"column":81}},"417":{"start":{"line":418,"column":0},"end":{"line":418,"column":75}},"418":{"start":{"line":419,"column":0},"end":{"line":419,"column":79}},"419":{"start":{"line":420,"column":0},"end":{"line":420,"column":41}},"420":{"start":{"line":421,"column":0},"end":{"line":421,"column":49}},"421":{"start":{"line":422,"column":0},"end":{"line":422,"column":59}},"422":{"start":{"line":423,"column":0},"end":{"line":423,"column":52}},"423":{"start":{"line":424,"column":0},"end":{"line":424,"column":66}},"424":{"start":{"line":425,"column":0},"end":{"line":425,"column":64}},"425":{"start":{"line":426,"column":0},"end":{"line":426,"column":17}},"426":{"start":{"line":427,"column":0},"end":{"line":427,"column":15}},"427":{"start":{"line":428,"column":0},"end":{"line":428,"column":13}},"428":{"start":{"line":429,"column":0},"end":{"line":429,"column":47}},"429":{"start":{"line":430,"column":0},"end":{"line":430,"column":20}},"430":{"start":{"line":431,"column":0},"end":{"line":431,"column":9}},"431":{"start":{"line":432,"column":0},"end":{"line":432,"column":13}},"432":{"start":{"line":433,"column":0},"end":{"line":433,"column":93}},"433":{"start":{"line":434,"column":0},"end":{"line":434,"column":43}},"434":{"start":{"line":435,"column":0},"end":{"line":435,"column":30}},"435":{"start":{"line":436,"column":0},"end":{"line":436,"column":30}},"436":{"start":{"line":437,"column":0},"end":{"line":437,"column":88}},"437":{"start":{"line":438,"column":0},"end":{"line":438,"column":82}},"438":{"start":{"line":439,"column":0},"end":{"line":439,"column":11}},"439":{"start":{"line":440,"column":0},"end":{"line":440,"column":18}},"441":{"start":{"line":442,"column":0},"end":{"line":442,"column":58}},"442":{"start":{"line":443,"column":0},"end":{"line":443,"column":63}},"443":{"start":{"line":444,"column":0},"end":{"line":444,"column":41}},"444":{"start":{"line":445,"column":0},"end":{"line":445,"column":55}},"445":{"start":{"line":446,"column":0},"end":{"line":446,"column":38}},"447":{"start":{"line":448,"column":0},"end":{"line":448,"column":54}},"448":{"start":{"line":449,"column":0},"end":{"line":449,"column":19}},"449":{"start":{"line":450,"column":0},"end":{"line":450,"column":58}},"450":{"start":{"line":451,"column":0},"end":{"line":451,"column":53}},"451":{"start":{"line":452,"column":0},"end":{"line":452,"column":90}},"452":{"start":{"line":453,"column":0},"end":{"line":453,"column":54}},"453":{"start":{"line":454,"column":0},"end":{"line":454,"column":43}},"454":{"start":{"line":455,"column":0},"end":{"line":455,"column":39}},"455":{"start":{"line":456,"column":0},"end":{"line":456,"column":70}},"456":{"start":{"line":457,"column":0},"end":{"line":457,"column":36}},"457":{"start":{"line":458,"column":0},"end":{"line":458,"column":22}},"458":{"start":{"line":459,"column":0},"end":{"line":459,"column":115}},"459":{"start":{"line":460,"column":0},"end":{"line":460,"column":24}},"460":{"start":{"line":461,"column":0},"end":{"line":461,"column":21}},"462":{"start":{"line":463,"column":0},"end":{"line":463,"column":29}},"463":{"start":{"line":464,"column":0},"end":{"line":464,"column":92}},"464":{"start":{"line":465,"column":0},"end":{"line":465,"column":86}},"465":{"start":{"line":466,"column":0},"end":{"line":466,"column":17}},"466":{"start":{"line":467,"column":0},"end":{"line":467,"column":51}},"467":{"start":{"line":468,"column":0},"end":{"line":468,"column":23}},"469":{"start":{"line":470,"column":0},"end":{"line":470,"column":15}},"470":{"start":{"line":471,"column":0},"end":{"line":471,"column":13}},"471":{"start":{"line":472,"column":0},"end":{"line":472,"column":13}},"472":{"start":{"line":473,"column":0},"end":{"line":473,"column":48}},"473":{"start":{"line":474,"column":0},"end":{"line":474,"column":28}},"475":{"start":{"line":476,"column":0},"end":{"line":476,"column":74}},"476":{"start":{"line":477,"column":0},"end":{"line":477,"column":61}},"477":{"start":{"line":478,"column":0},"end":{"line":478,"column":52}},"478":{"start":{"line":479,"column":0},"end":{"line":479,"column":12}},"479":{"start":{"line":480,"column":0},"end":{"line":480,"column":56}},"480":{"start":{"line":481,"column":0},"end":{"line":481,"column":57}},"481":{"start":{"line":482,"column":0},"end":{"line":482,"column":9}},"482":{"start":{"line":483,"column":0},"end":{"line":483,"column":7}},"483":{"start":{"line":484,"column":0},"end":{"line":484,"column":18}},"486":{"start":{"line":487,"column":0},"end":{"line":487,"column":41}},"487":{"start":{"line":488,"column":0},"end":{"line":488,"column":15}},"488":{"start":{"line":489,"column":0},"end":{"line":489,"column":23}},"489":{"start":{"line":490,"column":0},"end":{"line":490,"column":5}},"490":{"start":{"line":491,"column":0},"end":{"line":491,"column":3}},"500":{"start":{"line":501,"column":0},"end":{"line":501,"column":70}},"501":{"start":{"line":502,"column":0},"end":{"line":502,"column":9}},"503":{"start":{"line":504,"column":0},"end":{"line":504,"column":54}},"504":{"start":{"line":505,"column":0},"end":{"line":505,"column":99}},"505":{"start":{"line":506,"column":0},"end":{"line":506,"column":15}},"506":{"start":{"line":507,"column":0},"end":{"line":507,"column":7}},"509":{"start":{"line":510,"column":0},"end":{"line":510,"column":57}},"513":{"start":{"line":514,"column":0},"end":{"line":514,"column":44}},"514":{"start":{"line":515,"column":0},"end":{"line":515,"column":85}},"515":{"start":{"line":516,"column":0},"end":{"line":516,"column":78}},"516":{"start":{"line":517,"column":0},"end":{"line":517,"column":59}},"518":{"start":{"line":519,"column":0},"end":{"line":519,"column":110}},"519":{"start":{"line":520,"column":0},"end":{"line":520,"column":51}},"520":{"start":{"line":521,"column":0},"end":{"line":521,"column":11}},"521":{"start":{"line":522,"column":0},"end":{"line":522,"column":9}},"522":{"start":{"line":523,"column":0},"end":{"line":523,"column":7}},"525":{"start":{"line":526,"column":0},"end":{"line":526,"column":115}},"527":{"start":{"line":528,"column":0},"end":{"line":528,"column":33}},"528":{"start":{"line":529,"column":0},"end":{"line":529,"column":88}},"529":{"start":{"line":530,"column":0},"end":{"line":530,"column":15}},"530":{"start":{"line":531,"column":0},"end":{"line":531,"column":7}},"533":{"start":{"line":534,"column":0},"end":{"line":534,"column":58}},"534":{"start":{"line":535,"column":0},"end":{"line":535,"column":43}},"535":{"start":{"line":536,"column":0},"end":{"line":536,"column":34}},"536":{"start":{"line":537,"column":0},"end":{"line":537,"column":39}},"539":{"start":{"line":540,"column":0},"end":{"line":540,"column":62}},"540":{"start":{"line":541,"column":0},"end":{"line":541,"column":77}},"542":{"start":{"line":543,"column":0},"end":{"line":543,"column":57}},"543":{"start":{"line":544,"column":0},"end":{"line":544,"column":61}},"545":{"start":{"line":546,"column":0},"end":{"line":546,"column":39}},"546":{"start":{"line":547,"column":0},"end":{"line":547,"column":97}},"547":{"start":{"line":548,"column":0},"end":{"line":548,"column":15}},"548":{"start":{"line":549,"column":0},"end":{"line":549,"column":7}},"550":{"start":{"line":551,"column":0},"end":{"line":551,"column":138}},"553":{"start":{"line":554,"column":0},"end":{"line":554,"column":52}},"555":{"start":{"line":556,"column":0},"end":{"line":556,"column":86}},"557":{"start":{"line":558,"column":0},"end":{"line":558,"column":47}},"558":{"start":{"line":559,"column":0},"end":{"line":559,"column":49}},"559":{"start":{"line":560,"column":0},"end":{"line":560,"column":19}},"560":{"start":{"line":561,"column":0},"end":{"line":561,"column":9}},"563":{"start":{"line":564,"column":0},"end":{"line":564,"column":53}},"566":{"start":{"line":567,"column":0},"end":{"line":567,"column":51}},"567":{"start":{"line":568,"column":0},"end":{"line":568,"column":91}},"568":{"start":{"line":569,"column":0},"end":{"line":569,"column":9}},"571":{"start":{"line":572,"column":0},"end":{"line":572,"column":55}},"572":{"start":{"line":573,"column":0},"end":{"line":573,"column":55}},"574":{"start":{"line":575,"column":0},"end":{"line":575,"column":43}},"576":{"start":{"line":577,"column":0},"end":{"line":577,"column":34}},"577":{"start":{"line":578,"column":0},"end":{"line":578,"column":77}},"578":{"start":{"line":579,"column":0},"end":{"line":579,"column":13}},"579":{"start":{"line":580,"column":0},"end":{"line":580,"column":9}},"582":{"start":{"line":583,"column":0},"end":{"line":583,"column":49}},"583":{"start":{"line":584,"column":0},"end":{"line":584,"column":55}},"585":{"start":{"line":586,"column":0},"end":{"line":586,"column":73}},"587":{"start":{"line":588,"column":0},"end":{"line":588,"column":51}},"588":{"start":{"line":589,"column":0},"end":{"line":589,"column":13}},"589":{"start":{"line":590,"column":0},"end":{"line":590,"column":9}},"592":{"start":{"line":593,"column":0},"end":{"line":593,"column":52}},"594":{"start":{"line":595,"column":0},"end":{"line":595,"column":83}},"596":{"start":{"line":597,"column":0},"end":{"line":597,"column":44}},"597":{"start":{"line":598,"column":0},"end":{"line":598,"column":79}},"598":{"start":{"line":599,"column":0},"end":{"line":599,"column":79}},"599":{"start":{"line":600,"column":0},"end":{"line":600,"column":35}},"600":{"start":{"line":601,"column":0},"end":{"line":601,"column":13}},"601":{"start":{"line":602,"column":0},"end":{"line":602,"column":55}},"603":{"start":{"line":604,"column":0},"end":{"line":604,"column":44}},"605":{"start":{"line":606,"column":0},"end":{"line":606,"column":59}},"606":{"start":{"line":607,"column":0},"end":{"line":607,"column":58}},"609":{"start":{"line":610,"column":0},"end":{"line":610,"column":33}},"610":{"start":{"line":611,"column":0},"end":{"line":611,"column":33}},"611":{"start":{"line":612,"column":0},"end":{"line":612,"column":54}},"614":{"start":{"line":615,"column":0},"end":{"line":615,"column":79}},"615":{"start":{"line":616,"column":0},"end":{"line":616,"column":79}},"616":{"start":{"line":617,"column":0},"end":{"line":617,"column":35}},"617":{"start":{"line":618,"column":0},"end":{"line":618,"column":13}},"618":{"start":{"line":619,"column":0},"end":{"line":619,"column":53}},"620":{"start":{"line":621,"column":0},"end":{"line":621,"column":44}},"622":{"start":{"line":623,"column":0},"end":{"line":623,"column":66}},"625":{"start":{"line":626,"column":0},"end":{"line":626,"column":59}},"626":{"start":{"line":627,"column":0},"end":{"line":627,"column":58}},"629":{"start":{"line":630,"column":0},"end":{"line":630,"column":79}},"630":{"start":{"line":631,"column":0},"end":{"line":631,"column":79}},"631":{"start":{"line":632,"column":0},"end":{"line":632,"column":58}},"634":{"start":{"line":635,"column":0},"end":{"line":635,"column":35}},"635":{"start":{"line":636,"column":0},"end":{"line":636,"column":13}},"636":{"start":{"line":637,"column":0},"end":{"line":637,"column":9}},"639":{"start":{"line":640,"column":0},"end":{"line":640,"column":50}},"642":{"start":{"line":643,"column":0},"end":{"line":643,"column":56}},"643":{"start":{"line":644,"column":0},"end":{"line":644,"column":49}},"646":{"start":{"line":647,"column":0},"end":{"line":647,"column":69}},"647":{"start":{"line":648,"column":0},"end":{"line":648,"column":24}},"648":{"start":{"line":649,"column":0},"end":{"line":649,"column":40}},"651":{"start":{"line":652,"column":0},"end":{"line":652,"column":55}},"652":{"start":{"line":653,"column":0},"end":{"line":653,"column":36}},"654":{"start":{"line":655,"column":0},"end":{"line":655,"column":21}},"655":{"start":{"line":656,"column":0},"end":{"line":656,"column":11}},"657":{"start":{"line":658,"column":0},"end":{"line":658,"column":35}},"660":{"start":{"line":661,"column":0},"end":{"line":661,"column":92}},"661":{"start":{"line":662,"column":0},"end":{"line":662,"column":34}},"662":{"start":{"line":663,"column":0},"end":{"line":663,"column":11}},"665":{"start":{"line":666,"column":0},"end":{"line":666,"column":74}},"666":{"start":{"line":667,"column":0},"end":{"line":667,"column":54}},"667":{"start":{"line":668,"column":0},"end":{"line":668,"column":69}},"668":{"start":{"line":669,"column":0},"end":{"line":669,"column":79}},"669":{"start":{"line":670,"column":0},"end":{"line":670,"column":36}},"670":{"start":{"line":671,"column":0},"end":{"line":671,"column":13}},"671":{"start":{"line":672,"column":0},"end":{"line":672,"column":11}},"674":{"start":{"line":675,"column":0},"end":{"line":675,"column":68}},"675":{"start":{"line":676,"column":0},"end":{"line":676,"column":69}},"676":{"start":{"line":677,"column":0},"end":{"line":677,"column":76}},"677":{"start":{"line":678,"column":0},"end":{"line":678,"column":36}},"678":{"start":{"line":679,"column":0},"end":{"line":679,"column":13}},"679":{"start":{"line":680,"column":0},"end":{"line":680,"column":11}},"681":{"start":{"line":682,"column":0},"end":{"line":682,"column":30}},"682":{"start":{"line":683,"column":0},"end":{"line":683,"column":48}},"683":{"start":{"line":684,"column":0},"end":{"line":684,"column":11}},"684":{"start":{"line":685,"column":0},"end":{"line":685,"column":9}},"687":{"start":{"line":688,"column":0},"end":{"line":688,"column":48}},"689":{"start":{"line":690,"column":0},"end":{"line":690,"column":48}},"690":{"start":{"line":691,"column":0},"end":{"line":691,"column":43}},"691":{"start":{"line":692,"column":0},"end":{"line":692,"column":11}},"692":{"start":{"line":693,"column":0},"end":{"line":693,"column":9}},"695":{"start":{"line":696,"column":0},"end":{"line":696,"column":56}},"698":{"start":{"line":699,"column":0},"end":{"line":699,"column":64}},"699":{"start":{"line":700,"column":0},"end":{"line":700,"column":151}},"700":{"start":{"line":701,"column":0},"end":{"line":701,"column":85}},"701":{"start":{"line":702,"column":0},"end":{"line":702,"column":9}},"704":{"start":{"line":705,"column":0},"end":{"line":705,"column":36}},"705":{"start":{"line":706,"column":0},"end":{"line":706,"column":25}},"706":{"start":{"line":707,"column":0},"end":{"line":707,"column":29}},"707":{"start":{"line":708,"column":0},"end":{"line":708,"column":10}},"708":{"start":{"line":709,"column":0},"end":{"line":709,"column":7}},"711":{"start":{"line":712,"column":0},"end":{"line":712,"column":29}},"712":{"start":{"line":713,"column":0},"end":{"line":713,"column":15}},"713":{"start":{"line":714,"column":0},"end":{"line":714,"column":36}},"714":{"start":{"line":715,"column":0},"end":{"line":715,"column":19}},"715":{"start":{"line":716,"column":0},"end":{"line":716,"column":49}},"716":{"start":{"line":717,"column":0},"end":{"line":717,"column":32}},"717":{"start":{"line":718,"column":0},"end":{"line":718,"column":49}},"718":{"start":{"line":719,"column":0},"end":{"line":719,"column":44}},"719":{"start":{"line":720,"column":0},"end":{"line":720,"column":53}},"720":{"start":{"line":721,"column":0},"end":{"line":721,"column":52}},"721":{"start":{"line":722,"column":0},"end":{"line":722,"column":9}},"722":{"start":{"line":723,"column":0},"end":{"line":723,"column":8}},"724":{"start":{"line":725,"column":0},"end":{"line":725,"column":80}},"725":{"start":{"line":726,"column":0},"end":{"line":726,"column":82}},"728":{"start":{"line":729,"column":0},"end":{"line":729,"column":42}},"730":{"start":{"line":731,"column":0},"end":{"line":731,"column":84}},"732":{"start":{"line":733,"column":0},"end":{"line":733,"column":21}},"733":{"start":{"line":734,"column":0},"end":{"line":734,"column":79}},"734":{"start":{"line":735,"column":0},"end":{"line":735,"column":5}},"735":{"start":{"line":736,"column":0},"end":{"line":736,"column":3}},"739":{"start":{"line":740,"column":0},"end":{"line":740,"column":39}},"740":{"start":{"line":741,"column":0},"end":{"line":741,"column":35}},"741":{"start":{"line":742,"column":0},"end":{"line":742,"column":3}},"743":{"start":{"line":744,"column":0},"end":{"line":744,"column":85}},"744":{"start":{"line":745,"column":0},"end":{"line":745,"column":59}},"745":{"start":{"line":746,"column":0},"end":{"line":746,"column":3}},"749":{"start":{"line":750,"column":0},"end":{"line":750,"column":80}},"751":{"start":{"line":752,"column":0},"end":{"line":752,"column":49}},"752":{"start":{"line":753,"column":0},"end":{"line":753,"column":56}},"753":{"start":{"line":754,"column":0},"end":{"line":754,"column":3}},"757":{"start":{"line":758,"column":0},"end":{"line":758,"column":34}},"758":{"start":{"line":759,"column":0},"end":{"line":759,"column":42}},"759":{"start":{"line":760,"column":0},"end":{"line":760,"column":3}},"761":{"start":{"line":762,"column":0},"end":{"line":762,"column":35}},"762":{"start":{"line":763,"column":0},"end":{"line":763,"column":43}},"763":{"start":{"line":764,"column":0},"end":{"line":764,"column":3}},"765":{"start":{"line":766,"column":0},"end":{"line":766,"column":76}},"766":{"start":{"line":767,"column":0},"end":{"line":767,"column":66}},"767":{"start":{"line":768,"column":0},"end":{"line":768,"column":3}},"769":{"start":{"line":770,"column":0},"end":{"line":770,"column":34}},"770":{"start":{"line":771,"column":0},"end":{"line":771,"column":35}},"771":{"start":{"line":772,"column":0},"end":{"line":772,"column":3}},"774":{"start":{"line":775,"column":0},"end":{"line":775,"column":49}},"775":{"start":{"line":776,"column":0},"end":{"line":776,"column":44}},"776":{"start":{"line":777,"column":0},"end":{"line":777,"column":3}},"778":{"start":{"line":779,"column":0},"end":{"line":779,"column":35}},"779":{"start":{"line":780,"column":0},"end":{"line":780,"column":43}},"780":{"start":{"line":781,"column":0},"end":{"line":781,"column":3}},"784":{"start":{"line":785,"column":0},"end":{"line":785,"column":56}},"785":{"start":{"line":786,"column":0},"end":{"line":786,"column":45}},"786":{"start":{"line":787,"column":0},"end":{"line":787,"column":3}},"790":{"start":{"line":791,"column":0},"end":{"line":791,"column":79}},"791":{"start":{"line":792,"column":0},"end":{"line":792,"column":42}},"792":{"start":{"line":793,"column":0},"end":{"line":793,"column":3}},"796":{"start":{"line":797,"column":0},"end":{"line":797,"column":41}},"797":{"start":{"line":798,"column":0},"end":{"line":798,"column":38}},"798":{"start":{"line":799,"column":0},"end":{"line":799,"column":3}},"805":{"start":{"line":806,"column":0},"end":{"line":806,"column":42}},"806":{"start":{"line":807,"column":0},"end":{"line":807,"column":38}},"807":{"start":{"line":808,"column":0},"end":{"line":808,"column":3}},"812":{"start":{"line":813,"column":0},"end":{"line":813,"column":81}},"813":{"start":{"line":814,"column":0},"end":{"line":814,"column":74}},"814":{"start":{"line":815,"column":0},"end":{"line":815,"column":3}},"824":{"start":{"line":825,"column":0},"end":{"line":825,"column":85}},"825":{"start":{"line":826,"column":0},"end":{"line":826,"column":32}},"826":{"start":{"line":827,"column":0},"end":{"line":827,"column":3}},"834":{"start":{"line":835,"column":0},"end":{"line":835,"column":116}},"836":{"start":{"line":837,"column":0},"end":{"line":837,"column":20}},"837":{"start":{"line":838,"column":0},"end":{"line":838,"column":27}},"838":{"start":{"line":839,"column":0},"end":{"line":839,"column":5}},"841":{"start":{"line":842,"column":0},"end":{"line":842,"column":59}},"842":{"start":{"line":843,"column":0},"end":{"line":843,"column":58}},"843":{"start":{"line":844,"column":0},"end":{"line":844,"column":18}},"844":{"start":{"line":845,"column":0},"end":{"line":845,"column":3}},"851":{"start":{"line":852,"column":0},"end":{"line":852,"column":99}},"852":{"start":{"line":853,"column":0},"end":{"line":853,"column":46}},"853":{"start":{"line":854,"column":0},"end":{"line":854,"column":3}},"860":{"start":{"line":861,"column":0},"end":{"line":861,"column":65}},"861":{"start":{"line":862,"column":0},"end":{"line":862,"column":51}},"862":{"start":{"line":863,"column":0},"end":{"line":863,"column":3}},"868":{"start":{"line":869,"column":0},"end":{"line":869,"column":59}},"869":{"start":{"line":870,"column":0},"end":{"line":870,"column":24}},"870":{"start":{"line":871,"column":0},"end":{"line":871,"column":31}},"871":{"start":{"line":872,"column":0},"end":{"line":872,"column":26}},"872":{"start":{"line":873,"column":0},"end":{"line":873,"column":19}},"873":{"start":{"line":874,"column":0},"end":{"line":874,"column":55}},"874":{"start":{"line":875,"column":0},"end":{"line":875,"column":15}},"875":{"start":{"line":876,"column":0},"end":{"line":876,"column":28}},"876":{"start":{"line":877,"column":0},"end":{"line":877,"column":18}},"877":{"start":{"line":878,"column":0},"end":{"line":878,"column":18}},"878":{"start":{"line":879,"column":0},"end":{"line":879,"column":43}},"879":{"start":{"line":880,"column":0},"end":{"line":880,"column":60}},"880":{"start":{"line":881,"column":0},"end":{"line":881,"column":163}},"881":{"start":{"line":882,"column":0},"end":{"line":882,"column":3}},"884":{"start":{"line":885,"column":0},"end":{"line":885,"column":24}},"885":{"start":{"line":886,"column":0},"end":{"line":886,"column":22}},"886":{"start":{"line":887,"column":0},"end":{"line":887,"column":13}},"887":{"start":{"line":888,"column":0},"end":{"line":888,"column":56}},"888":{"start":{"line":889,"column":0},"end":{"line":889,"column":45}},"889":{"start":{"line":890,"column":0},"end":{"line":890,"column":3}},"891":{"start":{"line":892,"column":0},"end":{"line":892,"column":52}},"892":{"start":{"line":893,"column":0},"end":{"line":893,"column":35}},"893":{"start":{"line":894,"column":0},"end":{"line":894,"column":3}},"900":{"start":{"line":901,"column":0},"end":{"line":901,"column":37}},"901":{"start":{"line":902,"column":0},"end":{"line":902,"column":65}},"902":{"start":{"line":903,"column":0},"end":{"line":903,"column":37}},"903":{"start":{"line":904,"column":0},"end":{"line":904,"column":50}},"904":{"start":{"line":905,"column":0},"end":{"line":905,"column":61}},"906":{"start":{"line":907,"column":0},"end":{"line":907,"column":47}},"907":{"start":{"line":908,"column":0},"end":{"line":908,"column":77}},"908":{"start":{"line":909,"column":0},"end":{"line":909,"column":70}},"909":{"start":{"line":910,"column":0},"end":{"line":910,"column":103}},"910":{"start":{"line":911,"column":0},"end":{"line":911,"column":34}},"911":{"start":{"line":912,"column":0},"end":{"line":912,"column":17}},"912":{"start":{"line":913,"column":0},"end":{"line":913,"column":11}},"913":{"start":{"line":914,"column":0},"end":{"line":914,"column":26}},"914":{"start":{"line":915,"column":0},"end":{"line":915,"column":50}},"915":{"start":{"line":916,"column":0},"end":{"line":916,"column":28}},"916":{"start":{"line":917,"column":0},"end":{"line":917,"column":44}},"917":{"start":{"line":918,"column":0},"end":{"line":918,"column":71}},"918":{"start":{"line":919,"column":0},"end":{"line":919,"column":63}},"919":{"start":{"line":920,"column":0},"end":{"line":920,"column":30}},"920":{"start":{"line":921,"column":0},"end":{"line":921,"column":12}},"921":{"start":{"line":922,"column":0},"end":{"line":922,"column":68}},"922":{"start":{"line":923,"column":0},"end":{"line":923,"column":42}},"923":{"start":{"line":924,"column":0},"end":{"line":924,"column":68}},"924":{"start":{"line":925,"column":0},"end":{"line":925,"column":28}},"925":{"start":{"line":926,"column":0},"end":{"line":926,"column":44}},"926":{"start":{"line":927,"column":0},"end":{"line":927,"column":71}},"927":{"start":{"line":928,"column":0},"end":{"line":928,"column":63}},"928":{"start":{"line":929,"column":0},"end":{"line":929,"column":30}},"929":{"start":{"line":930,"column":0},"end":{"line":930,"column":19}},"930":{"start":{"line":931,"column":0},"end":{"line":931,"column":10}},"931":{"start":{"line":932,"column":0},"end":{"line":932,"column":9}},"932":{"start":{"line":933,"column":0},"end":{"line":933,"column":5}},"933":{"start":{"line":934,"column":0},"end":{"line":934,"column":3}},"937":{"start":{"line":938,"column":0},"end":{"line":938,"column":9}},"938":{"start":{"line":939,"column":0},"end":{"line":939,"column":17}},"939":{"start":{"line":940,"column":0},"end":{"line":940,"column":14}},"940":{"start":{"line":941,"column":0},"end":{"line":941,"column":27}},"942":{"start":{"line":943,"column":0},"end":{"line":943,"column":46}},"943":{"start":{"line":944,"column":0},"end":{"line":944,"column":21}},"944":{"start":{"line":945,"column":0},"end":{"line":945,"column":30}},"945":{"start":{"line":946,"column":0},"end":{"line":946,"column":11}},"946":{"start":{"line":947,"column":0},"end":{"line":947,"column":19}},"947":{"start":{"line":948,"column":0},"end":{"line":948,"column":16}},"948":{"start":{"line":949,"column":0},"end":{"line":949,"column":30}},"949":{"start":{"line":950,"column":0},"end":{"line":950,"column":25}},"951":{"start":{"line":952,"column":0},"end":{"line":952,"column":35}},"952":{"start":{"line":953,"column":0},"end":{"line":953,"column":27}},"955":{"start":{"line":956,"column":0},"end":{"line":956,"column":42}},"956":{"start":{"line":957,"column":0},"end":{"line":957,"column":65}},"957":{"start":{"line":958,"column":0},"end":{"line":958,"column":66}},"958":{"start":{"line":959,"column":0},"end":{"line":959,"column":14}},"959":{"start":{"line":960,"column":0},"end":{"line":960,"column":19}},"960":{"start":{"line":961,"column":0},"end":{"line":961,"column":18}},"961":{"start":{"line":962,"column":0},"end":{"line":962,"column":31}},"962":{"start":{"line":963,"column":0},"end":{"line":963,"column":10}},"963":{"start":{"line":964,"column":0},"end":{"line":964,"column":24}},"964":{"start":{"line":965,"column":0},"end":{"line":965,"column":37}},"965":{"start":{"line":966,"column":0},"end":{"line":966,"column":79}},"966":{"start":{"line":967,"column":0},"end":{"line":967,"column":52}},"967":{"start":{"line":968,"column":0},"end":{"line":968,"column":56}},"968":{"start":{"line":969,"column":0},"end":{"line":969,"column":94}},"969":{"start":{"line":970,"column":0},"end":{"line":970,"column":30}},"970":{"start":{"line":971,"column":0},"end":{"line":971,"column":41}},"971":{"start":{"line":972,"column":0},"end":{"line":972,"column":45}},"972":{"start":{"line":973,"column":0},"end":{"line":973,"column":72}},"973":{"start":{"line":974,"column":0},"end":{"line":974,"column":75}},"974":{"start":{"line":975,"column":0},"end":{"line":975,"column":71}},"975":{"start":{"line":976,"column":0},"end":{"line":976,"column":91}},"977":{"start":{"line":978,"column":0},"end":{"line":978,"column":22}},"978":{"start":{"line":979,"column":0},"end":{"line":979,"column":20}},"979":{"start":{"line":980,"column":0},"end":{"line":980,"column":21}},"980":{"start":{"line":981,"column":0},"end":{"line":981,"column":59}},"981":{"start":{"line":982,"column":0},"end":{"line":982,"column":73}},"982":{"start":{"line":983,"column":0},"end":{"line":983,"column":54}},"983":{"start":{"line":984,"column":0},"end":{"line":984,"column":35}},"984":{"start":{"line":985,"column":0},"end":{"line":985,"column":36}},"985":{"start":{"line":986,"column":0},"end":{"line":986,"column":41}},"986":{"start":{"line":987,"column":0},"end":{"line":987,"column":13}},"987":{"start":{"line":988,"column":0},"end":{"line":988,"column":11}},"988":{"start":{"line":989,"column":0},"end":{"line":989,"column":42}},"989":{"start":{"line":990,"column":0},"end":{"line":990,"column":34}},"990":{"start":{"line":991,"column":0},"end":{"line":991,"column":77}},"991":{"start":{"line":992,"column":0},"end":{"line":992,"column":23}},"992":{"start":{"line":993,"column":0},"end":{"line":993,"column":58}},"993":{"start":{"line":994,"column":0},"end":{"line":994,"column":55}},"994":{"start":{"line":995,"column":0},"end":{"line":995,"column":49}},"995":{"start":{"line":996,"column":0},"end":{"line":996,"column":22}},"996":{"start":{"line":997,"column":0},"end":{"line":997,"column":79}},"997":{"start":{"line":998,"column":0},"end":{"line":998,"column":46}},"998":{"start":{"line":999,"column":0},"end":{"line":999,"column":31}},"999":{"start":{"line":1000,"column":0},"end":{"line":1000,"column":20}},"1000":{"start":{"line":1001,"column":0},"end":{"line":1001,"column":73}},"1001":{"start":{"line":1002,"column":0},"end":{"line":1002,"column":12}},"1002":{"start":{"line":1003,"column":0},"end":{"line":1003,"column":39}},"1003":{"start":{"line":1004,"column":0},"end":{"line":1004,"column":62}},"1004":{"start":{"line":1005,"column":0},"end":{"line":1005,"column":98}},"1005":{"start":{"line":1006,"column":0},"end":{"line":1006,"column":66}},"1007":{"start":{"line":1008,"column":0},"end":{"line":1008,"column":45}},"1008":{"start":{"line":1009,"column":0},"end":{"line":1009,"column":31}},"1009":{"start":{"line":1010,"column":0},"end":{"line":1010,"column":58}},"1010":{"start":{"line":1011,"column":0},"end":{"line":1011,"column":35}},"1011":{"start":{"line":1012,"column":0},"end":{"line":1012,"column":35}},"1012":{"start":{"line":1013,"column":0},"end":{"line":1013,"column":35}},"1013":{"start":{"line":1014,"column":0},"end":{"line":1014,"column":55}},"1014":{"start":{"line":1015,"column":0},"end":{"line":1015,"column":10}},"1015":{"start":{"line":1016,"column":0},"end":{"line":1016,"column":8}},"1016":{"start":{"line":1017,"column":0},"end":{"line":1017,"column":7}},"1017":{"start":{"line":1018,"column":0},"end":{"line":1018,"column":5}},"1019":{"start":{"line":1020,"column":0},"end":{"line":1020,"column":41}},"1020":{"start":{"line":1021,"column":0},"end":{"line":1021,"column":55}},"1021":{"start":{"line":1022,"column":0},"end":{"line":1022,"column":5}},"1022":{"start":{"line":1023,"column":0},"end":{"line":1023,"column":39}},"1023":{"start":{"line":1024,"column":0},"end":{"line":1024,"column":52}},"1024":{"start":{"line":1025,"column":0},"end":{"line":1025,"column":53}},"1025":{"start":{"line":1026,"column":0},"end":{"line":1026,"column":5}},"1026":{"start":{"line":1027,"column":0},"end":{"line":1027,"column":43}},"1027":{"start":{"line":1028,"column":0},"end":{"line":1028,"column":27}},"1028":{"start":{"line":1029,"column":0},"end":{"line":1029,"column":70}},"1029":{"start":{"line":1030,"column":0},"end":{"line":1030,"column":5}},"1031":{"start":{"line":1032,"column":0},"end":{"line":1032,"column":35}},"1032":{"start":{"line":1033,"column":0},"end":{"line":1033,"column":40}},"1033":{"start":{"line":1034,"column":0},"end":{"line":1034,"column":38}},"1034":{"start":{"line":1035,"column":0},"end":{"line":1035,"column":23}},"1035":{"start":{"line":1036,"column":0},"end":{"line":1036,"column":36}},"1036":{"start":{"line":1037,"column":0},"end":{"line":1037,"column":17}},"1037":{"start":{"line":1038,"column":0},"end":{"line":1038,"column":39}},"1038":{"start":{"line":1039,"column":0},"end":{"line":1039,"column":23}},"1039":{"start":{"line":1040,"column":0},"end":{"line":1040,"column":31}},"1040":{"start":{"line":1041,"column":0},"end":{"line":1041,"column":52}},"1041":{"start":{"line":1042,"column":0},"end":{"line":1042,"column":38}},"1042":{"start":{"line":1043,"column":0},"end":{"line":1043,"column":24}},"1043":{"start":{"line":1044,"column":0},"end":{"line":1044,"column":44}},"1044":{"start":{"line":1045,"column":0},"end":{"line":1045,"column":20}},"1045":{"start":{"line":1046,"column":0},"end":{"line":1046,"column":45}},"1046":{"start":{"line":1047,"column":0},"end":{"line":1047,"column":27}},"1048":{"start":{"line":1049,"column":0},"end":{"line":1049,"column":51}},"1049":{"start":{"line":1050,"column":0},"end":{"line":1050,"column":77}},"1051":{"start":{"line":1052,"column":0},"end":{"line":1052,"column":61}},"1052":{"start":{"line":1053,"column":0},"end":{"line":1053,"column":71}},"1053":{"start":{"line":1054,"column":0},"end":{"line":1054,"column":7}},"1054":{"start":{"line":1055,"column":0},"end":{"line":1055,"column":5}},"1055":{"start":{"line":1056,"column":0},"end":{"line":1056,"column":5}},"1057":{"start":{"line":1058,"column":0},"end":{"line":1058,"column":43}},"1058":{"start":{"line":1059,"column":0},"end":{"line":1059,"column":33}},"1059":{"start":{"line":1060,"column":0},"end":{"line":1060,"column":75}},"1060":{"start":{"line":1061,"column":0},"end":{"line":1061,"column":76}},"1061":{"start":{"line":1062,"column":0},"end":{"line":1062,"column":45}},"1062":{"start":{"line":1063,"column":0},"end":{"line":1063,"column":29}},"1063":{"start":{"line":1064,"column":0},"end":{"line":1064,"column":24}},"1064":{"start":{"line":1065,"column":0},"end":{"line":1065,"column":97}},"1065":{"start":{"line":1066,"column":0},"end":{"line":1066,"column":21}},"1066":{"start":{"line":1067,"column":0},"end":{"line":1067,"column":12}},"1067":{"start":{"line":1068,"column":0},"end":{"line":1068,"column":9}},"1068":{"start":{"line":1069,"column":0},"end":{"line":1069,"column":7}},"1069":{"start":{"line":1070,"column":0},"end":{"line":1070,"column":5}},"1070":{"start":{"line":1071,"column":0},"end":{"line":1071,"column":5}},"1072":{"start":{"line":1073,"column":0},"end":{"line":1073,"column":16}},"1073":{"start":{"line":1074,"column":0},"end":{"line":1074,"column":33}},"1074":{"start":{"line":1075,"column":0},"end":{"line":1075,"column":40}},"1075":{"start":{"line":1076,"column":0},"end":{"line":1076,"column":5}},"1076":{"start":{"line":1077,"column":0},"end":{"line":1077,"column":53}},"1080":{"start":{"line":1081,"column":0},"end":{"line":1081,"column":19}},"1081":{"start":{"line":1082,"column":0},"end":{"line":1082,"column":33}},"1082":{"start":{"line":1083,"column":0},"end":{"line":1083,"column":34}},"1083":{"start":{"line":1084,"column":0},"end":{"line":1084,"column":16}},"1084":{"start":{"line":1085,"column":0},"end":{"line":1085,"column":157}},"1085":{"start":{"line":1086,"column":0},"end":{"line":1086,"column":96}},"1086":{"start":{"line":1087,"column":0},"end":{"line":1087,"column":18}},"1087":{"start":{"line":1088,"column":0},"end":{"line":1088,"column":18}},"1088":{"start":{"line":1089,"column":0},"end":{"line":1089,"column":32}},"1089":{"start":{"line":1090,"column":0},"end":{"line":1090,"column":25}},"1090":{"start":{"line":1091,"column":0},"end":{"line":1091,"column":27}},"1091":{"start":{"line":1092,"column":0},"end":{"line":1092,"column":7}},"1092":{"start":{"line":1093,"column":0},"end":{"line":1093,"column":13}},"1093":{"start":{"line":1094,"column":0},"end":{"line":1094,"column":46}},"1094":{"start":{"line":1095,"column":0},"end":{"line":1095,"column":28}},"1095":{"start":{"line":1096,"column":0},"end":{"line":1096,"column":15}},"1096":{"start":{"line":1097,"column":0},"end":{"line":1097,"column":24}},"1097":{"start":{"line":1098,"column":0},"end":{"line":1098,"column":105}},"1098":{"start":{"line":1099,"column":0},"end":{"line":1099,"column":10}},"1099":{"start":{"line":1100,"column":0},"end":{"line":1100,"column":41}},"1100":{"start":{"line":1101,"column":0},"end":{"line":1101,"column":52}},"1101":{"start":{"line":1102,"column":0},"end":{"line":1102,"column":64}},"1102":{"start":{"line":1103,"column":0},"end":{"line":1103,"column":50}},"1103":{"start":{"line":1104,"column":0},"end":{"line":1104,"column":29}},"1104":{"start":{"line":1105,"column":0},"end":{"line":1105,"column":30}},"1105":{"start":{"line":1106,"column":0},"end":{"line":1106,"column":18}},"1106":{"start":{"line":1107,"column":0},"end":{"line":1107,"column":22}},"1107":{"start":{"line":1108,"column":0},"end":{"line":1108,"column":15}},"1108":{"start":{"line":1109,"column":0},"end":{"line":1109,"column":29}},"1109":{"start":{"line":1110,"column":0},"end":{"line":1110,"column":95}},"1110":{"start":{"line":1111,"column":0},"end":{"line":1111,"column":16}},"1111":{"start":{"line":1112,"column":0},"end":{"line":1112,"column":14}},"1112":{"start":{"line":1113,"column":0},"end":{"line":1113,"column":71}},"1113":{"start":{"line":1114,"column":0},"end":{"line":1114,"column":12}},"1114":{"start":{"line":1115,"column":0},"end":{"line":1115,"column":9}},"1115":{"start":{"line":1116,"column":0},"end":{"line":1116,"column":7}},"1116":{"start":{"line":1117,"column":0},"end":{"line":1117,"column":94}},"1117":{"start":{"line":1118,"column":0},"end":{"line":1118,"column":6}},"1118":{"start":{"line":1119,"column":0},"end":{"line":1119,"column":5}},"1120":{"start":{"line":1121,"column":0},"end":{"line":1121,"column":19}},"1121":{"start":{"line":1122,"column":0},"end":{"line":1122,"column":32}},"1122":{"start":{"line":1123,"column":0},"end":{"line":1123,"column":33}},"1123":{"start":{"line":1124,"column":0},"end":{"line":1124,"column":16}},"1124":{"start":{"line":1125,"column":0},"end":{"line":1125,"column":223}},"1125":{"start":{"line":1126,"column":0},"end":{"line":1126,"column":29}},"1126":{"start":{"line":1127,"column":0},"end":{"line":1127,"column":26}},"1127":{"start":{"line":1128,"column":0},"end":{"line":1128,"column":20}},"1128":{"start":{"line":1129,"column":0},"end":{"line":1129,"column":101}},"1129":{"start":{"line":1130,"column":0},"end":{"line":1130,"column":9}},"1130":{"start":{"line":1131,"column":0},"end":{"line":1131,"column":14}},"1131":{"start":{"line":1132,"column":0},"end":{"line":1132,"column":103}},"1132":{"start":{"line":1133,"column":0},"end":{"line":1133,"column":13}},"1133":{"start":{"line":1134,"column":0},"end":{"line":1134,"column":46}},"1134":{"start":{"line":1135,"column":0},"end":{"line":1135,"column":28}},"1135":{"start":{"line":1136,"column":0},"end":{"line":1136,"column":15}},"1136":{"start":{"line":1137,"column":0},"end":{"line":1137,"column":24}},"1137":{"start":{"line":1138,"column":0},"end":{"line":1138,"column":108}},"1138":{"start":{"line":1139,"column":0},"end":{"line":1139,"column":10}},"1139":{"start":{"line":1140,"column":0},"end":{"line":1140,"column":59}},"1140":{"start":{"line":1141,"column":0},"end":{"line":1141,"column":85}},"1141":{"start":{"line":1142,"column":0},"end":{"line":1142,"column":14}},"1142":{"start":{"line":1143,"column":0},"end":{"line":1143,"column":18}},"1143":{"start":{"line":1144,"column":0},"end":{"line":1144,"column":11}},"1144":{"start":{"line":1145,"column":0},"end":{"line":1145,"column":25}},"1145":{"start":{"line":1146,"column":0},"end":{"line":1146,"column":95}},"1146":{"start":{"line":1147,"column":0},"end":{"line":1147,"column":12}},"1147":{"start":{"line":1148,"column":0},"end":{"line":1148,"column":10}},"1148":{"start":{"line":1149,"column":0},"end":{"line":1149,"column":18}},"1149":{"start":{"line":1150,"column":0},"end":{"line":1150,"column":22}},"1150":{"start":{"line":1151,"column":0},"end":{"line":1151,"column":33}},"1151":{"start":{"line":1152,"column":0},"end":{"line":1152,"column":19}},"1152":{"start":{"line":1153,"column":0},"end":{"line":1153,"column":18}},"1153":{"start":{"line":1154,"column":0},"end":{"line":1154,"column":37}},"1154":{"start":{"line":1155,"column":0},"end":{"line":1155,"column":10}},"1155":{"start":{"line":1156,"column":0},"end":{"line":1156,"column":8}},"1156":{"start":{"line":1157,"column":0},"end":{"line":1157,"column":6}},"1157":{"start":{"line":1158,"column":0},"end":{"line":1158,"column":5}},"1159":{"start":{"line":1160,"column":0},"end":{"line":1160,"column":19}},"1160":{"start":{"line":1161,"column":0},"end":{"line":1161,"column":33}},"1161":{"start":{"line":1162,"column":0},"end":{"line":1162,"column":34}},"1162":{"start":{"line":1163,"column":0},"end":{"line":1163,"column":16}},"1163":{"start":{"line":1164,"column":0},"end":{"line":1164,"column":95}},"1164":{"start":{"line":1165,"column":0},"end":{"line":1165,"column":29}},"1165":{"start":{"line":1166,"column":0},"end":{"line":1166,"column":85}},"1166":{"start":{"line":1167,"column":0},"end":{"line":1167,"column":43}},"1167":{"start":{"line":1168,"column":0},"end":{"line":1168,"column":51}},"1168":{"start":{"line":1169,"column":0},"end":{"line":1169,"column":51}},"1169":{"start":{"line":1170,"column":0},"end":{"line":1170,"column":14}},"1170":{"start":{"line":1171,"column":0},"end":{"line":1171,"column":169}},"1171":{"start":{"line":1172,"column":0},"end":{"line":1172,"column":13}},"1172":{"start":{"line":1173,"column":0},"end":{"line":1173,"column":53}},"1173":{"start":{"line":1174,"column":0},"end":{"line":1174,"column":54}},"1174":{"start":{"line":1175,"column":0},"end":{"line":1175,"column":78}},"1175":{"start":{"line":1176,"column":0},"end":{"line":1176,"column":78}},"1176":{"start":{"line":1177,"column":0},"end":{"line":1177,"column":41}},"1177":{"start":{"line":1178,"column":0},"end":{"line":1178,"column":62}},"1179":{"start":{"line":1180,"column":0},"end":{"line":1180,"column":62}},"1180":{"start":{"line":1181,"column":0},"end":{"line":1181,"column":28}},"1181":{"start":{"line":1182,"column":0},"end":{"line":1182,"column":72}},"1182":{"start":{"line":1183,"column":0},"end":{"line":1183,"column":7}},"1183":{"start":{"line":1184,"column":0},"end":{"line":1184,"column":14}},"1184":{"start":{"line":1185,"column":0},"end":{"line":1185,"column":90}},"1185":{"start":{"line":1186,"column":0},"end":{"line":1186,"column":56}},"1186":{"start":{"line":1187,"column":0},"end":{"line":1187,"column":8}},"1187":{"start":{"line":1188,"column":0},"end":{"line":1188,"column":6}},"1188":{"start":{"line":1189,"column":0},"end":{"line":1189,"column":5}},"1199":{"start":{"line":1200,"column":0},"end":{"line":1200,"column":27}},"1200":{"start":{"line":1201,"column":0},"end":{"line":1201,"column":16}},"1201":{"start":{"line":1202,"column":0},"end":{"line":1202,"column":21}},"1202":{"start":{"line":1203,"column":0},"end":{"line":1203,"column":44}},"1203":{"start":{"line":1204,"column":0},"end":{"line":1204,"column":75}},"1204":{"start":{"line":1205,"column":0},"end":{"line":1205,"column":33}},"1205":{"start":{"line":1206,"column":0},"end":{"line":1206,"column":48}},"1207":{"start":{"line":1208,"column":0},"end":{"line":1208,"column":48}},"1208":{"start":{"line":1209,"column":0},"end":{"line":1209,"column":71}},"1209":{"start":{"line":1210,"column":0},"end":{"line":1210,"column":32}},"1210":{"start":{"line":1211,"column":0},"end":{"line":1211,"column":58}},"1211":{"start":{"line":1212,"column":0},"end":{"line":1212,"column":49}},"1212":{"start":{"line":1213,"column":0},"end":{"line":1213,"column":47}},"1213":{"start":{"line":1214,"column":0},"end":{"line":1214,"column":25}},"1214":{"start":{"line":1215,"column":0},"end":{"line":1215,"column":78}},"1215":{"start":{"line":1216,"column":0},"end":{"line":1216,"column":41}},"1217":{"start":{"line":1218,"column":0},"end":{"line":1218,"column":57}},"1218":{"start":{"line":1219,"column":0},"end":{"line":1219,"column":67}},"1219":{"start":{"line":1220,"column":0},"end":{"line":1220,"column":75}},"1220":{"start":{"line":1221,"column":0},"end":{"line":1221,"column":3}},"1230":{"start":{"line":1231,"column":0},"end":{"line":1231,"column":38}},"1231":{"start":{"line":1232,"column":0},"end":{"line":1232,"column":42}},"1232":{"start":{"line":1233,"column":0},"end":{"line":1233,"column":39}},"1233":{"start":{"line":1234,"column":0},"end":{"line":1234,"column":21}},"1234":{"start":{"line":1235,"column":0},"end":{"line":1235,"column":48}},"1235":{"start":{"line":1236,"column":0},"end":{"line":1236,"column":27}},"1236":{"start":{"line":1237,"column":0},"end":{"line":1237,"column":59}},"1237":{"start":{"line":1238,"column":0},"end":{"line":1238,"column":25}},"1240":{"start":{"line":1241,"column":0},"end":{"line":1241,"column":64}},"1241":{"start":{"line":1242,"column":0},"end":{"line":1242,"column":32}},"1242":{"start":{"line":1243,"column":0},"end":{"line":1243,"column":24}},"1243":{"start":{"line":1244,"column":0},"end":{"line":1244,"column":27}},"1244":{"start":{"line":1245,"column":0},"end":{"line":1245,"column":20}},"1245":{"start":{"line":1246,"column":0},"end":{"line":1246,"column":7}},"1248":{"start":{"line":1249,"column":0},"end":{"line":1249,"column":55}},"1249":{"start":{"line":1250,"column":0},"end":{"line":1250,"column":11}},"1250":{"start":{"line":1251,"column":0},"end":{"line":1251,"column":45}},"1252":{"start":{"line":1253,"column":0},"end":{"line":1253,"column":28}},"1253":{"start":{"line":1254,"column":0},"end":{"line":1254,"column":33}},"1254":{"start":{"line":1255,"column":0},"end":{"line":1255,"column":16}},"1255":{"start":{"line":1256,"column":0},"end":{"line":1256,"column":35}},"1256":{"start":{"line":1257,"column":0},"end":{"line":1257,"column":39}},"1257":{"start":{"line":1258,"column":0},"end":{"line":1258,"column":39}},"1258":{"start":{"line":1259,"column":0},"end":{"line":1259,"column":36}},"1259":{"start":{"line":1260,"column":0},"end":{"line":1260,"column":15}},"1260":{"start":{"line":1261,"column":0},"end":{"line":1261,"column":32}},"1261":{"start":{"line":1262,"column":0},"end":{"line":1262,"column":26}},"1262":{"start":{"line":1263,"column":0},"end":{"line":1263,"column":36}},"1263":{"start":{"line":1264,"column":0},"end":{"line":1264,"column":29}},"1264":{"start":{"line":1265,"column":0},"end":{"line":1265,"column":15}},"1265":{"start":{"line":1266,"column":0},"end":{"line":1266,"column":13}},"1266":{"start":{"line":1267,"column":0},"end":{"line":1267,"column":11}},"1267":{"start":{"line":1268,"column":0},"end":{"line":1268,"column":28}},"1268":{"start":{"line":1269,"column":0},"end":{"line":1269,"column":39}},"1269":{"start":{"line":1270,"column":0},"end":{"line":1270,"column":24}},"1270":{"start":{"line":1271,"column":0},"end":{"line":1271,"column":34}},"1271":{"start":{"line":1272,"column":0},"end":{"line":1272,"column":27}},"1272":{"start":{"line":1273,"column":0},"end":{"line":1273,"column":13}},"1273":{"start":{"line":1274,"column":0},"end":{"line":1274,"column":26}},"1274":{"start":{"line":1275,"column":0},"end":{"line":1275,"column":11}},"1275":{"start":{"line":1276,"column":0},"end":{"line":1276,"column":9}},"1276":{"start":{"line":1277,"column":0},"end":{"line":1277,"column":21}},"1277":{"start":{"line":1278,"column":0},"end":{"line":1278,"column":20}},"1278":{"start":{"line":1279,"column":0},"end":{"line":1279,"column":30}},"1279":{"start":{"line":1280,"column":0},"end":{"line":1280,"column":23}},"1280":{"start":{"line":1281,"column":0},"end":{"line":1281,"column":9}},"1282":{"start":{"line":1283,"column":0},"end":{"line":1283,"column":22}},"1283":{"start":{"line":1284,"column":0},"end":{"line":1284,"column":7}},"1284":{"start":{"line":1285,"column":0},"end":{"line":1285,"column":18}},"1285":{"start":{"line":1286,"column":0},"end":{"line":1286,"column":28}},"1286":{"start":{"line":1287,"column":0},"end":{"line":1287,"column":21}},"1287":{"start":{"line":1288,"column":0},"end":{"line":1288,"column":7}},"1288":{"start":{"line":1289,"column":0},"end":{"line":1289,"column":20}},"1289":{"start":{"line":1290,"column":0},"end":{"line":1290,"column":9}},"1291":{"start":{"line":1292,"column":0},"end":{"line":1292,"column":69}},"1293":{"start":{"line":1294,"column":0},"end":{"line":1294,"column":46}},"1295":{"start":{"line":1296,"column":0},"end":{"line":1296,"column":52}},"1296":{"start":{"line":1297,"column":0},"end":{"line":1297,"column":5}},"1299":{"start":{"line":1300,"column":0},"end":{"line":1300,"column":22}},"1300":{"start":{"line":1301,"column":0},"end":{"line":1301,"column":53}},"1301":{"start":{"line":1302,"column":0},"end":{"line":1302,"column":5}},"1303":{"start":{"line":1304,"column":0},"end":{"line":1304,"column":24}},"1304":{"start":{"line":1305,"column":0},"end":{"line":1305,"column":3}},"1311":{"start":{"line":1312,"column":0},"end":{"line":1312,"column":60}},"1312":{"start":{"line":1313,"column":0},"end":{"line":1313,"column":9}},"1313":{"start":{"line":1314,"column":0},"end":{"line":1314,"column":73}},"1314":{"start":{"line":1315,"column":0},"end":{"line":1315,"column":49}},"1315":{"start":{"line":1316,"column":0},"end":{"line":1316,"column":27}},"1316":{"start":{"line":1317,"column":0},"end":{"line":1317,"column":29}},"1317":{"start":{"line":1318,"column":0},"end":{"line":1318,"column":42}},"1318":{"start":{"line":1319,"column":0},"end":{"line":1319,"column":27}},"1319":{"start":{"line":1320,"column":0},"end":{"line":1320,"column":16}},"1320":{"start":{"line":1321,"column":0},"end":{"line":1321,"column":48}},"1321":{"start":{"line":1322,"column":0},"end":{"line":1322,"column":34}},"1322":{"start":{"line":1323,"column":0},"end":{"line":1323,"column":20}},"1323":{"start":{"line":1324,"column":0},"end":{"line":1324,"column":13}},"1325":{"start":{"line":1326,"column":0},"end":{"line":1326,"column":5}},"1326":{"start":{"line":1327,"column":0},"end":{"line":1327,"column":14}},"1327":{"start":{"line":1328,"column":0},"end":{"line":1328,"column":3}},"1329":{"start":{"line":1330,"column":0},"end":{"line":1330,"column":78}},"1332":{"start":{"line":1333,"column":0},"end":{"line":1333,"column":9}},"1333":{"start":{"line":1334,"column":0},"end":{"line":1334,"column":83}},"1334":{"start":{"line":1335,"column":0},"end":{"line":1335,"column":59}},"1335":{"start":{"line":1336,"column":0},"end":{"line":1336,"column":34}},"1336":{"start":{"line":1337,"column":0},"end":{"line":1337,"column":89}},"1337":{"start":{"line":1338,"column":0},"end":{"line":1338,"column":56}},"1338":{"start":{"line":1339,"column":0},"end":{"line":1339,"column":29}},"1339":{"start":{"line":1340,"column":0},"end":{"line":1340,"column":29}},"1340":{"start":{"line":1341,"column":0},"end":{"line":1341,"column":48}},"1341":{"start":{"line":1342,"column":0},"end":{"line":1342,"column":44}},"1342":{"start":{"line":1343,"column":0},"end":{"line":1343,"column":20}},"1343":{"start":{"line":1344,"column":0},"end":{"line":1344,"column":41}},"1344":{"start":{"line":1345,"column":0},"end":{"line":1345,"column":7}},"1345":{"start":{"line":1346,"column":0},"end":{"line":1346,"column":13}},"1347":{"start":{"line":1348,"column":0},"end":{"line":1348,"column":5}},"1348":{"start":{"line":1349,"column":0},"end":{"line":1349,"column":21}},"1349":{"start":{"line":1350,"column":0},"end":{"line":1350,"column":3}},"1351":{"start":{"line":1352,"column":0},"end":{"line":1352,"column":23}},"1352":{"start":{"line":1353,"column":0},"end":{"line":1353,"column":22}},"1353":{"start":{"line":1354,"column":0},"end":{"line":1354,"column":21}},"1354":{"start":{"line":1355,"column":0},"end":{"line":1355,"column":33}},"1355":{"start":{"line":1356,"column":0},"end":{"line":1356,"column":34}},"1356":{"start":{"line":1357,"column":0},"end":{"line":1357,"column":63}},"1357":{"start":{"line":1358,"column":0},"end":{"line":1358,"column":46}},"1358":{"start":{"line":1359,"column":0},"end":{"line":1359,"column":68}},"1359":{"start":{"line":1360,"column":0},"end":{"line":1360,"column":42}},"1360":{"start":{"line":1361,"column":0},"end":{"line":1361,"column":46}},"1362":{"start":{"line":1363,"column":0},"end":{"line":1363,"column":21}},"1363":{"start":{"line":1364,"column":0},"end":{"line":1364,"column":37}},"1364":{"start":{"line":1365,"column":0},"end":{"line":1365,"column":80}},"1366":{"start":{"line":1367,"column":0},"end":{"line":1367,"column":56}},"1367":{"start":{"line":1368,"column":0},"end":{"line":1368,"column":45}},"1370":{"start":{"line":1371,"column":0},"end":{"line":1371,"column":56}},"1372":{"start":{"line":1373,"column":0},"end":{"line":1373,"column":55}},"1373":{"start":{"line":1374,"column":0},"end":{"line":1374,"column":19}},"1374":{"start":{"line":1375,"column":0},"end":{"line":1375,"column":5}},"1377":{"start":{"line":1378,"column":0},"end":{"line":1378,"column":54}},"1378":{"start":{"line":1379,"column":0},"end":{"line":1379,"column":18}},"1379":{"start":{"line":1380,"column":0},"end":{"line":1380,"column":31}},"1380":{"start":{"line":1381,"column":0},"end":{"line":1381,"column":43}},"1381":{"start":{"line":1382,"column":0},"end":{"line":1382,"column":11}},"1384":{"start":{"line":1385,"column":0},"end":{"line":1385,"column":70}},"1385":{"start":{"line":1386,"column":0},"end":{"line":1386,"column":84}},"1386":{"start":{"line":1387,"column":0},"end":{"line":1387,"column":29}},"1387":{"start":{"line":1388,"column":0},"end":{"line":1388,"column":21}},"1388":{"start":{"line":1389,"column":0},"end":{"line":1389,"column":34}},"1389":{"start":{"line":1390,"column":0},"end":{"line":1390,"column":20}},"1390":{"start":{"line":1391,"column":0},"end":{"line":1391,"column":98}},"1391":{"start":{"line":1392,"column":0},"end":{"line":1392,"column":14}},"1392":{"start":{"line":1393,"column":0},"end":{"line":1393,"column":76}},"1394":{"start":{"line":1395,"column":0},"end":{"line":1395,"column":99}},"1395":{"start":{"line":1396,"column":0},"end":{"line":1396,"column":65}},"1396":{"start":{"line":1397,"column":0},"end":{"line":1397,"column":17}},"1397":{"start":{"line":1398,"column":0},"end":{"line":1398,"column":9}},"1399":{"start":{"line":1400,"column":0},"end":{"line":1400,"column":54}},"1400":{"start":{"line":1401,"column":0},"end":{"line":1401,"column":74}},"1402":{"start":{"line":1403,"column":0},"end":{"line":1403,"column":62}},"1403":{"start":{"line":1404,"column":0},"end":{"line":1404,"column":42}},"1404":{"start":{"line":1405,"column":0},"end":{"line":1405,"column":87}},"1405":{"start":{"line":1406,"column":0},"end":{"line":1406,"column":15}},"1406":{"start":{"line":1407,"column":0},"end":{"line":1407,"column":16}},"1407":{"start":{"line":1408,"column":0},"end":{"line":1408,"column":71}},"1408":{"start":{"line":1409,"column":0},"end":{"line":1409,"column":11}},"1411":{"start":{"line":1412,"column":0},"end":{"line":1412,"column":43}},"1412":{"start":{"line":1413,"column":0},"end":{"line":1413,"column":52}},"1413":{"start":{"line":1414,"column":0},"end":{"line":1414,"column":59}},"1414":{"start":{"line":1415,"column":0},"end":{"line":1415,"column":22}},"1415":{"start":{"line":1416,"column":0},"end":{"line":1416,"column":47}},"1416":{"start":{"line":1417,"column":0},"end":{"line":1417,"column":46}},"1417":{"start":{"line":1418,"column":0},"end":{"line":1418,"column":84}},"1418":{"start":{"line":1419,"column":0},"end":{"line":1419,"column":123}},"1419":{"start":{"line":1420,"column":0},"end":{"line":1420,"column":50}},"1422":{"start":{"line":1423,"column":0},"end":{"line":1423,"column":64}},"1423":{"start":{"line":1424,"column":0},"end":{"line":1424,"column":19}},"1424":{"start":{"line":1425,"column":0},"end":{"line":1425,"column":101}},"1425":{"start":{"line":1426,"column":0},"end":{"line":1426,"column":24}},"1426":{"start":{"line":1427,"column":0},"end":{"line":1427,"column":83}},"1427":{"start":{"line":1428,"column":0},"end":{"line":1428,"column":21}},"1428":{"start":{"line":1429,"column":0},"end":{"line":1429,"column":13}},"1429":{"start":{"line":1430,"column":0},"end":{"line":1430,"column":89}},"1430":{"start":{"line":1431,"column":0},"end":{"line":1431,"column":59}},"1435":{"start":{"line":1436,"column":0},"end":{"line":1436,"column":56}},"1436":{"start":{"line":1437,"column":0},"end":{"line":1437,"column":80}},"1437":{"start":{"line":1438,"column":0},"end":{"line":1438,"column":64}},"1438":{"start":{"line":1439,"column":0},"end":{"line":1439,"column":102}},"1439":{"start":{"line":1440,"column":0},"end":{"line":1440,"column":13}},"1440":{"start":{"line":1441,"column":0},"end":{"line":1441,"column":57}},"1441":{"start":{"line":1442,"column":0},"end":{"line":1442,"column":42}},"1442":{"start":{"line":1443,"column":0},"end":{"line":1443,"column":46}},"1443":{"start":{"line":1444,"column":0},"end":{"line":1444,"column":64}},"1444":{"start":{"line":1445,"column":0},"end":{"line":1445,"column":140}},"1445":{"start":{"line":1446,"column":0},"end":{"line":1446,"column":48}},"1446":{"start":{"line":1447,"column":0},"end":{"line":1447,"column":64}},"1447":{"start":{"line":1448,"column":0},"end":{"line":1448,"column":17}},"1448":{"start":{"line":1449,"column":0},"end":{"line":1449,"column":99}},"1449":{"start":{"line":1450,"column":0},"end":{"line":1450,"column":22}},"1450":{"start":{"line":1451,"column":0},"end":{"line":1451,"column":81}},"1451":{"start":{"line":1452,"column":0},"end":{"line":1452,"column":19}},"1452":{"start":{"line":1453,"column":0},"end":{"line":1453,"column":11}},"1453":{"start":{"line":1454,"column":0},"end":{"line":1454,"column":9}},"1457":{"start":{"line":1458,"column":0},"end":{"line":1458,"column":76}},"1460":{"start":{"line":1461,"column":0},"end":{"line":1461,"column":83}},"1461":{"start":{"line":1462,"column":0},"end":{"line":1462,"column":79}},"1464":{"start":{"line":1465,"column":0},"end":{"line":1465,"column":61}},"1467":{"start":{"line":1468,"column":0},"end":{"line":1468,"column":50}},"1468":{"start":{"line":1469,"column":0},"end":{"line":1469,"column":138}},"1469":{"start":{"line":1470,"column":0},"end":{"line":1470,"column":60}},"1470":{"start":{"line":1471,"column":0},"end":{"line":1471,"column":9}},"1472":{"start":{"line":1473,"column":0},"end":{"line":1473,"column":83}},"1473":{"start":{"line":1474,"column":0},"end":{"line":1474,"column":41}},"1474":{"start":{"line":1475,"column":0},"end":{"line":1475,"column":40}},"1475":{"start":{"line":1476,"column":0},"end":{"line":1476,"column":89}},"1476":{"start":{"line":1477,"column":0},"end":{"line":1477,"column":134}},"1477":{"start":{"line":1478,"column":0},"end":{"line":1478,"column":44}},"1481":{"start":{"line":1482,"column":0},"end":{"line":1482,"column":58}},"1482":{"start":{"line":1483,"column":0},"end":{"line":1483,"column":13}},"1483":{"start":{"line":1484,"column":0},"end":{"line":1484,"column":95}},"1484":{"start":{"line":1485,"column":0},"end":{"line":1485,"column":18}},"1485":{"start":{"line":1486,"column":0},"end":{"line":1486,"column":21}},"1486":{"start":{"line":1487,"column":0},"end":{"line":1487,"column":79}},"1487":{"start":{"line":1488,"column":0},"end":{"line":1488,"column":18}},"1488":{"start":{"line":1489,"column":0},"end":{"line":1489,"column":32}},"1489":{"start":{"line":1490,"column":0},"end":{"line":1490,"column":18}},"1490":{"start":{"line":1491,"column":0},"end":{"line":1491,"column":96}},"1491":{"start":{"line":1492,"column":0},"end":{"line":1492,"column":12}},"1492":{"start":{"line":1493,"column":0},"end":{"line":1493,"column":18}},"1493":{"start":{"line":1494,"column":0},"end":{"line":1494,"column":22}},"1494":{"start":{"line":1495,"column":0},"end":{"line":1495,"column":26}},"1495":{"start":{"line":1496,"column":0},"end":{"line":1496,"column":28}},"1496":{"start":{"line":1497,"column":0},"end":{"line":1497,"column":20}},"1497":{"start":{"line":1498,"column":0},"end":{"line":1498,"column":32}},"1498":{"start":{"line":1499,"column":0},"end":{"line":1499,"column":91}},"1499":{"start":{"line":1500,"column":0},"end":{"line":1500,"column":22}},"1500":{"start":{"line":1501,"column":0},"end":{"line":1501,"column":25}},"1501":{"start":{"line":1502,"column":0},"end":{"line":1502,"column":26}},"1502":{"start":{"line":1503,"column":0},"end":{"line":1503,"column":29}},"1503":{"start":{"line":1504,"column":0},"end":{"line":1504,"column":30}},"1504":{"start":{"line":1505
[...]
cations":[{"start":{"line":235,"column":12},"end":{"line":235,"column":41}}]},"34":{"type":"branch","line":235,"loc":{"start":{"line":235,"column":41},"end":{"line":235,"column":65}},"locations":[{"start":{"line":235,"column":41},"end":{"line":235,"column":65}}]},"35":{"type":"branch","line":199,"loc":{"start":{"line":199,"column":44},"end":{"line":199,"column":74}},"locations":[{"start":{"line":199,"column":44},"end":{"line":199,"column":74}}]},"36":{"type":"branch","line":207,"loc":{"start":{"line":207,"column":19},"end":{"line":207,"column":53}},"locations":[{"start":{"line":207,"column":19},"end":{"line":207,"column":53}}]},"37":{"type":"branch","line":247,"loc":{"start":{"line":247,"column":2},"end":{"line":249,"column":3}},"locations":[{"start":{"line":247,"column":2},"end":{"line":249,"column":3}}]},"38":{"type":"branch","line":257,"loc":{"start":{"line":257,"column":2},"end":{"line":306,"column":3}},"locations":[{"start":{"line":257,"column":2},"end":{"line":306,"column":3}}]},"39":{"type":"branch","line":259,"loc":{"start":{"line":259,"column":12},"end":{"line":259,"column":24}},"locations":[{"start":{"line":259,"column":12},"end":{"line":259,"column":24}}]},"40":{"type":"branch","line":259,"loc":{"start":{"line":259,"column":19},"end":{"line":262,"column":18}},"locations":[{"start":{"line":259,"column":19},"end":{"line":262,"column":18}}]},"41":{"type":"branch","line":262,"loc":{"start":{"line":262,"column":18},"end":{"line":302,"column":5}},"locations":[{"start":{"line":262,"column":18},"end":{"line":302,"column":5}}]},"42":{"type":"branch","line":264,"loc":{"start":{"line":264,"column":23},"end":{"line":264,"column":35}},"locations":[{"start":{"line":264,"column":23},"end":{"line":264,"column":35}}]},"43":{"type":"branch","line":264,"loc":{"start":{"line":264,"column":30},"end":{"line":268,"column":78}},"locations":[{"start":{"line":264,"column":30},"end":{"line":268,"column":78}}]},"44":{"type":"branch","line":268,"loc":{"start":{"line":268,"column":65},"end":{"line":268,"column":80}},"locations":[{"start":{"line":268,"column":65},"end":{"line":268,"column":80}}]},"45":{"type":"branch","line":268,"loc":{"start":{"line":268,"column":83},"end":{"line":275,"column":7}},"locations":[{"start":{"line":268,"column":83},"end":{"line":275,"column":7}}]},"46":{"type":"branch","line":269,"loc":{"start":{"line":269,"column":23},"end":{"line":269,"column":77}},"locations":[{"start":{"line":269,"column":23},"end":{"line":269,"column":77}}]},"47":{"type":"branch","line":269,"loc":{"start":{"line":269,"column":77},"end":{"line":274,"column":9}},"locations":[{"start":{"line":269,"column":77},"end":{"line":274,"column":9}}]},"48":{"type":"branch","line":270,"loc":{"start":{"line":270,"column":54},"end":{"line":273,"column":11}},"locations":[{"start":{"line":270,"column":54},"end":{"line":273,"column":11}}]},"49":{"type":"branch","line":271,"loc":{"start":{"line":271,"column":64},"end":{"line":271,"column":93}},"locations":[{"start":{"line":271,"column":64},"end":{"line":271,"column":93}}]},"50":{"type":"branch","line":275,"loc":{"start":{"line":275,"column":6},"end":{"line":284,"column":33}},"locations":[{"start":{"line":275,"column":6},"end":{"line":284,"column":33}}]},"51":{"type":"branch","line":284,"loc":{"start":{"line":284,"column":33},"end":{"line":287,"column":7}},"locations":[{"start":{"line":284,"column":33},"end":{"line":287,"column":7}}]},"52":{"type":"branch","line":287,"loc":{"start":{"line":287,"column":6},"end":{"line":291,"column":31}},"locations":[{"start":{"line":287,"column":6},"end":{"line":291,"column":31}}]},"53":{"type":"branch","line":291,"loc":{"start":{"line":291,"column":31},"end":{"line":293,"column":17}},"locations":[{"start":{"line":291,"column":31},"end":{"line":293,"column":17}}]},"54":{"type":"branch","line":293,"loc":{"start":{"line":293,"column":6},"end":{"line":302,"column":5}},"locations":[{"start":{"line":293,"column":6},"end":{"line":302,"column":5}}]},"55":{"type":"branch","line":295,"loc":{"start":{"line":295,"column":6},"end":{"line":299,"column":7}},"locations":[{"start":{"line":295,"column":6},"end":{"line":299,"column":7}}]},"56":{"type":"branch","line":302,"loc":{"start":{"line":302,"column":4},"end":{"line":305,"column":30}},"locations":[{"start":{"line":302,"column":4},"end":{"line":305,"column":30}}]},"57":{"type":"branch","line":278,"loc":{"start":{"line":278,"column":46},"end":{"line":278,"column":76}},"locations":[{"start":{"line":278,"column":46},"end":{"line":278,"column":76}}]},"58":{"type":"branch","line":280,"loc":{"start":{"line":280,"column":32},"end":{"line":282,"column":7}},"locations":[{"start":{"line":280,"column":32},"end":{"line":282,"column":7}}]},"59":{"type":"branch","line":313,"loc":{"start":{"line":313,"column":2},"end":{"line":334,"column":3}},"locations":[{"start":{"line":313,"column":2},"end":{"line":334,"column":3}}]},"60":{"type":"branch","line":322,"loc":{"start":{"line":322,"column":25},"end":{"line":324,"column":5}},"locations":[{"start":{"line":322,"column":25},"end":{"line":324,"column":5}}]},"61":{"type":"branch","line":324,"loc":{"start":{"line":324,"column":4},"end":{"line":328,"column":28}},"locations":[{"start":{"line":324,"column":4},"end":{"line":328,"column":28}}]},"62":{"type":"branch","line":328,"loc":{"start":{"line":328,"column":28},"end":{"line":330,"column":5}},"locations":[{"start":{"line":328,"column":28},"end":{"line":330,"column":5}}]},"63":{"type":"branch","line":330,"loc":{"start":{"line":330,"column":4},"end":{"line":333,"column":36}},"locations":[{"start":{"line":330,"column":4},"end":{"line":333,"column":36}}]},"64":{"type":"branch","line":339,"loc":{"start":{"line":339,"column":2},"end":{"line":341,"column":3}},"locations":[{"start":{"line":339,"column":2},"end":{"line":341,"column":3}}]},"65":{"type":"branch","line":346,"loc":{"start":{"line":346,"column":2},"end":{"line":348,"column":3}},"locations":[{"start":{"line":346,"column":2},"end":{"line":348,"column":3}}]},"66":{"type":"branch","line":353,"loc":{"start":{"line":353,"column":2},"end":{"line":364,"column":3}},"locations":[{"start":{"line":353,"column":2},"end":{"line":364,"column":3}}]},"67":{"type":"branch","line":355,"loc":{"start":{"line":355,"column":63},"end":{"line":355,"column":78}},"locations":[{"start":{"line":355,"column":63},"end":{"line":355,"column":78}}]},"68":{"type":"branch","line":355,"loc":{"start":{"line":355,"column":81},"end":{"line":362,"column":5}},"locations":[{"start":{"line":355,"column":81},"end":{"line":362,"column":5}}]},"69":{"type":"branch","line":356,"loc":{"start":{"line":356,"column":21},"end":{"line":356,"column":75}},"locations":[{"start":{"line":356,"column":21},"end":{"line":356,"column":75}}]},"70":{"type":"branch","line":356,"loc":{"start":{"line":356,"column":75},"end":{"line":361,"column":7}},"locations":[{"start":{"line":356,"column":75},"end":{"line":361,"column":7}}]},"71":{"type":"branch","line":357,"loc":{"start":{"line":357,"column":52},"end":{"line":360,"column":9}},"locations":[{"start":{"line":357,"column":52},"end":{"line":360,"column":9}}]},"72":{"type":"branch","line":358,"loc":{"start":{"line":358,"column":62},"end":{"line":358,"column":91}},"locations":[{"start":{"line":358,"column":62},"end":{"line":358,"column":91}}]}},"b":{"0":[1],"1":[1],"2":[19],"3":[0],"4":[0],"5":[0],"6":[114],"7":[0],"8":[152],"9":[1],"10":[0],"11":[0],"12":[0],"13":[18],"14":[29],"15":[14],"16":[15],"17":[0],"18":[15],"19":[0],"20":[15],"21":[0],"22":[1],"23":[15],"24":[0],"25":[15],"26":[0],"27":[15],"28":[14],"29":[1],"30":[0],"31":[0],"32":[0],"33":[0],"34":[0],"35":[90],"36":[2],"37":[7],"38":[21],"39":[15],"40":[6],"41":[5],"42":[1],"43":[4],"44":[0],"45":[8],"46":[4],"47":[4],"48":[8],"49":[0],"50":[4],"51":[0],"52":[4],"53":[0],"54":[4],"55":[0],"56":[1],"57":[24],"58":[4],"59":[18],"60":[4],"61":[14],"62":[0],"63":[14],"64":[36],"65":[36],"66":[3],"67":[0],"68":[6],"69":[3],"70":[3],"71":[6],"72":[0]},"fnMap":{"0":{"name":"<instance_members_initializer>","decl":{"start":{"line":38,"column":10},"end":{"line":46,"column":53}},"loc":{"start":{"line":38,"column":10},"end":{"line":46,"column":53}},"line":38},"1":{"name":"Router","decl":{"start":{"line":48,"column":2},"end":{"line":52,"column":3}},"loc":{"start":{"line":48,"column":2},"end":{"line":52,"column":3}},"line":48},"2":{"name":"setSessionCtx","decl":{"start":{"line":54,"column":2},"end":{"line":56,"column":3}},"loc":{"start":{"line":54,"column":2},"end":{"line":56,"column":3}},"line":54},"3":{"name":"allDiscoveredRefs","decl":{"start":{"line":63,"column":2},"end":{"line":88,"column":3}},"loc":{"start":{"line":63,"column":2},"end":{"line":88,"column":3}},"line":63},"4":{"name":"filterAvailable","decl":{"start":{"line":95,"column":2},"end":{"line":108,"column":3}},"loc":{"start":{"line":95,"column":2},"end":{"line":108,"column":3}},"line":95},"5":{"name":"filterByQualityPct","decl":{"start":{"line":113,"column":2},"end":{"line":119,"column":3}},"loc":{"start":{"line":113,"column":2},"end":{"line":119,"column":3}},"line":113},"6":{"name":"filterByQualityMin","decl":{"start":{"line":124,"column":2},"end":{"line":128,"column":3}},"loc":{"start":{"line":124,"column":2},"end":{"line":128,"column":3}},"line":124},"7":{"name":"sortBy","decl":{"start":{"line":136,"column":2},"end":{"line":157,"column":3}},"loc":{"start":{"line":136,"column":2},"end":{"line":157,"column":3}},"line":136},"8":{"name":"sortByBillingPreference","decl":{"start":{"line":162,"column":2},"end":{"line":175,"column":3}},"loc":{"start":{"line":162,"column":2},"end":{"line":175,"column":3}},"line":162},"9":{"name":"resolve","decl":{"start":{"line":183,"column":2},"end":{"line":240,"column":3}},"loc":{"start":{"line":183,"column":2},"end":{"line":240,"column":3}},"line":183},"10":{"name":"getCostTiers","decl":{"start":{"line":247,"column":2},"end":{"line":249,"column":3}},"loc":{"start":{"line":247,"column":2},"end":{"line":249,"column":3}},"line":247},"11":{"name":"resolveWithCostTier","decl":{"start":{"line":257,"column":2},"end":{"line":306,"column":3}},"loc":{"start":{"line":257,"column":2},"end":{"line":306,"column":3}},"line":257},"12":{"name":"resolveByCategory","decl":{"start":{"line":313,"column":2},"end":{"line":334,"column":3}},"loc":{"start":{"line":313,"column":2},"end":{"line":334,"column":3}},"line":313},"13":{"name":"getCostTierForCategory","decl":{"start":{"line":339,"column":2},"end":{"line":341,"column":3}},"loc":{"start":{"line":339,"column":2},"end":{"line":341,"column":3}},"line":339},"14":{"name":"getGroupForCategory","decl":{"start":{"line":346,"column":2},"end":{"line":348,"column":3}},"loc":{"start":{"line":346,"column":2},"end":{"line":348,"column":3}},"line":346},"15":{"name":"getModelCostTier","decl":{"start":{"line":353,"column":2},"end":{"line":364,"column":3}},"loc":{"start":{"line":353,"column":2},"end":{"line":364,"column":3}},"line":353},"16":{"name":"detectGroup","decl":{"start":{"line":371,"column":2},"end":{"line":383,"column":3}},"loc":{"start":{"line":371,"column":2},"end":{"line":383,"column":3}},"line":371},"17":{"name":"isLimited","decl":{"start":{"line":390,"column":2},"end":{"line":398,"column":3}},"loc":{"start":{"line":390,"column":2},"end":{"line":398,"column":3}},"line":390},"18":{"name":"limitSecs","decl":{"start":{"line":403,"column":2},"end":{"line":406,"column":3}},"loc":{"start":{"line":403,"column":2},"end":{"line":406,"column":3}},"line":403},"19":{"name":"getTopModels","decl":{"start":{"line":413,"column":2},"end":{"line":445,"column":3}},"loc":{"start":{"line":413,"column":2},"end":{"line":445,"column":3}},"line":413},"20":{"name":"getActiveGroup","decl":{"start":{"line":449,"column":2},"end":{"line":451,"column":3}},"loc":{"start":{"line":449,"column":2},"end":{"line":451,"column":3}},"line":449},"21":{"name":"getCurModel","decl":{"start":{"line":453,"column":2},"end":{"line":455,"column":3}},"loc":{"start":{"line":453,"column":2},"end":{"line":455,"column":3}},"line":453},"22":{"name":"getLastDynamicModel","decl":{"start":{"line":457,"column":2},"end":{"line":459,"column":3}},"loc":{"start":{"line":457,"column":2},"end":{"line":459,"column":3}},"line":457},"23":{"name":"getLastDynamicCategory","decl":{"start":{"line":461,"column":2},"end":{"line":463,"column":3}},"loc":{"start":{"line":461,"column":2},"end":{"line":463,"column":3}},"line":461},"24":{"name":"setActiveGroup","decl":{"start":{"line":465,"column":2},"end":{"line":467,"column":3}},"loc":{"start":{"line":465,"column":2},"end":{"line":467,"column":3}},"line":465},"25":{"name":"setCurModel","decl":{"start":{"line":469,"column":2},"end":{"line":471,"column":3}},"loc":{"start":{"line":469,"column":2},"end":{"line":471,"column":3}},"line":469},"26":{"name":"setLastDynamicModel","decl":{"start":{"line":473,"column":2},"end":{"line":475,"column":3}},"loc":{"start":{"line":473,"column":2},"end":{"line":475,"column":3}},"line":473},"27":{"name":"setLastDynamicCategory","decl":{"start":{"line":477,"column":2},"end":{"line":479,"column":3}},"loc":{"start":{"line":477,"column":2},"end":{"line":479,"column":3}},"line":477}},"f":{"0":1,"1":1,"2":0,"3":19,"4":0,"5":0,"6":0,"7":1,"8":18,"9":29,"10":7,"11":21,"12":18,"13":36,"14":36,"15":3,"16":0,"17":0,"18":0,"19":0,"20":0,"21":0,"22":0,"23":0,"24":0,"25":0,"26":0,"27":0}}
,"/Users/anierbeck/git/pi-model-router-fork/src/types.ts": {"path":"/Users/anierbeck/git/pi-model-router-fork/src/types.ts","all":true,"statementMap":{},"s":{},"branchMap":{"0":{"type":"branch","line":1,"loc":{"start":{"line":1,"column":5673},"end":{"line":207,"column":1}},"locations":[{"start":{"line":1,"column":5673},"end":{"line":207,"column":1}}]}},"b":{"0":[1]},"fnMap":{"0":{"name":"(empty-report)","decl":{"start":{"line":1,"column":5673},"end":{"line":207,"column":1}},"loc":{"start":{"line":1,"column":5673},"end":{"line":207,"column":1}},"line":1}},"f":{"0":1}}
,"/Users/anierbeck/git/pi-model-router-fork/src/utils.ts": {"path":"/Users/anierbeck/git/pi-model-router-fork/src/utils.ts","all":true,"statementMap":{"3":{"start":{"line":4,"column":0},"end":{"line":4,"column":64}},"11":{"start":{"line":12,"column":0},"end":{"line":12,"column":52}},"13":{"start":{"line":14,"column":0},"end":{"line":14,"column":36}},"14":{"start":{"line":15,"column":0},"end":{"line":15,"column":1}},"15":{"start":{"line":16,"column":0},"end":{"line":16,"column":41}},"16":{"start":{"line":17,"column":0},"end":{"line":17,"column":22}},"18":{"start":{"line":19,"column":0},"end":{"line":19,"column":35}},"19":{"start":{"line":20,"column":0},"end":{"line":20,"column":67}},"20":{"start":{"line":21,"column":0},"end":{"line":21,"column":55}},"21":{"start":{"line":22,"column":0},"end":{"line":22,"column":25}},"22":{"start":{"line":23,"column":0},"end":{"line":23,"column":37}},"23":{"start":{"line":24,"column":0},"end":{"line":24,"column":1}},"32":{"start":{"line":33,"column":0},"end":{"line":33,"column":49}},"33":{"start":{"line":34,"column":0},"end":{"line":34,"column":29}},"34":{"start":{"line":35,"column":0},"end":{"line":35,"column":17}},"35":{"start":{"line":36,"column":0},"end":{"line":36,"column":37}},"36":{"start":{"line":37,"column":0},"end":{"line":37,"column":63}},"37":{"start":{"line":38,"column":0},"end":{"line":38,"column":1}},"43":{"start":{"line":44,"column":0},"end":{"line":44,"column":52}},"44":{"start":{"line":45,"column":0},"end":{"line":45,"column":29}},"45":{"start":{"line":46,"column":0},"end":{"line":46,"column":27}},"46":{"start":{"line":47,"column":0},"end":{"line":47,"column":31}},"49":{"start":{"line":50,"column":0},"end":{"line":50,"column":26}},"50":{"start":{"line":51,"column":0},"end":{"line":51,"column":1}},"55":{"start":{"line":56,"column":0},"end":{"line":56,"column":40}},"56":{"start":{"line":57,"column":0},"end":{"line":57,"column":57}},"57":{"start":{"line":58,"column":0},"end":{"line":58,"column":1}},"62":{"start":{"line":63,"column":0},"end":{"line":63,"column":45}},"63":{"start":{"line":64,"column":0},"end":{"line":64,"column":34}},"64":{"start":{"line":65,"column":0},"end":{"line":65,"column":29}},"65":{"start":{"line":66,"column":0},"end":{"line":66,"column":31}},"66":{"start":{"line":67,"column":0},"end":{"line":67,"column":16}},"67":{"start":{"line":68,"column":0},"end":{"line":68,"column":50}},"68":{"start":{"line":69,"column":0},"end":{"line":69,"column":65}},"69":{"start":{"line":70,"column":0},"end":{"line":70,"column":1}},"77":{"start":{"line":78,"column":0},"end":{"line":78,"column":52}},"78":{"start":{"line":79,"column":0},"end":{"line":79,"column":22}},"79":{"start":{"line":80,"column":0},"end":{"line":80,"column":35}},"80":{"start":{"line":81,"column":0},"end":{"line":81,"column":67}},"81":{"start":{"line":82,"column":0},"end":{"line":82,"column":57}},"82":{"start":{"line":83,"column":0},"end":{"line":83,"column":55}},"83":{"start":{"line":84,"column":0},"end":{"line":84,"column":25}},"84":{"start":{"line":85,"column":0},"end":{"line":85,"column":47}},"85":{"start":{"line":86,"column":0},"end":{"line":86,"column":1}},"96":{"start":{"line":97,"column":0},"end":{"line":97,"column":38}},"97":{"start":{"line":98,"column":0},"end":{"line":98,"column":17}},"98":{"start":{"line":99,"column":0},"end":{"line":99,"column":52}},"99":{"start":{"line":100,"column":0},"end":{"line":100,"column":18}},"100":{"start":{"line":101,"column":0},"end":{"line":101,"column":42}},"101":{"start":{"line":102,"column":0},"end":{"line":102,"column":57}},"102":{"start":{"line":103,"column":0},"end":{"line":103,"column":43}},"103":{"start":{"line":104,"column":0},"end":{"line":104,"column":53}},"104":{"start":{"line":105,"column":0},"end":{"line":105,"column":6}},"105":{"start":{"line":106,"column":0},"end":{"line":106,"column":28}},"106":{"start":{"line":107,"column":0},"end":{"line":107,"column":3}},"107":{"start":{"line":108,"column":0},"end":{"line":108,"column":14}},"108":{"start":{"line":109,"column":0},"end":{"line":109,"column":1}},"115":{"start":{"line":116,"column":0},"end":{"line":116,"column":31}},"116":{"start":{"line":117,"column":0},"end":{"line":117,"column":14}},"117":{"start":{"line":118,"column":0},"end":{"line":118,"column":49}},"118":{"start":{"line":119,"column":0},"end":{"line":119,"column":12}},"119":{"start":{"line":120,"column":0},"end":{"line":120,"column":32}},"120":{"start":{"line":121,"column":0},"end":{"line":121,"column":27}},"121":{"start":{"line":122,"column":0},"end":{"line":122,"column":43}},"122":{"start":{"line":123,"column":0},"end":{"line":123,"column":23}},"123":{"start":{"line":124,"column":0},"end":{"line":124,"column":17}},"124":{"start":{"line":125,"column":0},"end":{"line":125,"column":3}},"125":{"start":{"line":126,"column":0},"end":{"line":126,"column":14}},"126":{"start":{"line":127,"column":0},"end":{"line":127,"column":1}},"131":{"start":{"line":132,"column":0},"end":{"line":132,"column":97}},"132":{"start":{"line":133,"column":0},"end":{"line":133,"column":32}},"133":{"start":{"line":134,"column":0},"end":{"line":134,"column":88}},"134":{"start":{"line":135,"column":0},"end":{"line":135,"column":1}}},"s":{"3":0,"11":0,"13":0,"14":0,"15":0,"16":0,"18":0,"19":0,"20":0,"21":0,"22":0,"23":0,"32":0,"33":0,"34":0,"35":0,"36":0,"37":0,"43":0,"44":0,"45":0,"46":0,"49":0,"50":0,"55":0,"56":0,"57":0,"62":0,"63":0,"64":0,"65":0,"66":0,"67":0,"68":0,"69":0,"77":0,"78":0,"79":0,"80":0,"81":0,"82":0,"83":0,"84":0,"85":0,"96":0,"97":0,"98":0,"99":0,"100":0,"101":0,"102":0,"103":0,"104":0,"105":0,"106":0,"107":0,"108":0,"115":0,"116":0,"117":0,"118":0,"119":0,"120":0,"121":0,"122":0,"123":0,"124":0,"125":0,"126":0,"131":0,"132":0,"133":0,"134":0},"branchMap":{"0":{"type":"branch","line":1,"loc":{"start":{"line":1,"column":4298},"end":{"line":135,"column":1}},"locations":[{"start":{"line":1,"column":4298},"end":{"line":135,"column":1}}]}},"b":{"0":[1]},"fnMap":{"0":{"name":"(empty-report)","decl":{"start":{"line":1,"column":4298},"end":{"line":135,"column":1}},"loc":{"start":{"line":1,"column":4298},"end":{"line":135,"column":1}},"line":1}},"f":{"0":1}}
}
